{"/home/travis/build/npmtest/node-npmtest-xpath/test.js":{"path":"/home/travis/build/npmtest/node-npmtest-xpath/test.js","s":{"1":2,"2":2,"3":2,"4":2,"5":2,"6":2,"7":2,"8":1,"9":2,"10":2,"11":1,"12":1,"13":1,"14":1,"15":2,"16":2,"17":2,"18":2,"19":1,"20":1,"21":2,"22":2,"23":2,"24":1,"25":1,"26":1,"27":1,"28":1,"29":1,"30":1,"31":1,"32":1,"33":1,"34":1,"35":1,"36":1,"37":1,"38":1,"39":2,"40":2,"41":1,"42":2,"43":2,"44":1,"45":2,"46":2,"47":1,"48":2,"49":2,"50":1,"51":1,"52":1,"53":1,"54":1},"b":{"1":[2,1,1,1],"2":[1,1,1,1],"3":[1,1],"4":[1,1],"5":[1,1],"6":[1,1],"7":[1,1],"8":[1,1],"9":[1,1],"10":[1,1,1],"11":[1,1],"12":[1,1],"13":[1,1],"14":[1,1],"15":[1,1],"16":[1,1],"17":[1,1]},"f":{"1":2,"2":2,"3":2,"4":2,"5":2,"6":1,"7":1,"8":1,"9":2,"10":2,"11":2,"12":2,"13":1},"fnMap":{"1":{"name":"(anonymous_1)","line":12,"loc":{"start":{"line":12,"column":1},"end":{"line":12,"column":13}}},"2":{"name":"(anonymous_2)","line":19,"loc":{"start":{"line":19,"column":5},"end":{"line":19,"column":17}}},"3":{"name":"(anonymous_3)","line":23,"loc":{"start":{"line":23,"column":24},"end":{"line":23,"column":36}}},"4":{"name":"(anonymous_4)","line":61,"loc":{"start":{"line":61,"column":5},"end":{"line":61,"column":17}}},"5":{"name":"(anonymous_5)","line":82,"loc":{"start":{"line":82,"column":5},"end":{"line":82,"column":17}}},"6":{"name":"(anonymous_6)","line":91,"loc":{"start":{"line":91,"column":77},"end":{"line":94,"column":10}}},"7":{"name":"(anonymous_7)","line":112,"loc":{"start":{"line":112,"column":83},"end":{"line":115,"column":10}},"skip":true},"8":{"name":"(anonymous_8)","line":123,"loc":{"start":{"line":123,"column":77},"end":{"line":126,"column":10}},"skip":true},"9":{"name":"(anonymous_9)","line":139,"loc":{"start":{"line":139,"column":12},"end":{"line":139,"column":40}},"skip":true},"10":{"name":"(anonymous_10)","line":147,"loc":{"start":{"line":147,"column":77},"end":{"line":150,"column":10}},"skip":true},"11":{"name":"(anonymous_11)","line":158,"loc":{"start":{"line":158,"column":83},"end":{"line":161,"column":10}},"skip":true},"12":{"name":"(anonymous_12)","line":169,"loc":{"start":{"line":169,"column":79},"end":{"line":172,"column":10}},"skip":true},"13":{"name":"(anonymous_13)","line":180,"loc":{"start":{"line":180,"column":75},"end":{"line":183,"column":10}},"skip":true}},"statementMap":{"1":{"start":{"line":12,"column":0},"end":{"line":195,"column":5}},"2":{"start":{"line":14,"column":4},"end":{"line":14,"column":14}},"3":{"start":{"line":19,"column":4},"end":{"line":56,"column":9}},"4":{"start":{"line":21,"column":8},"end":{"line":21,"column":19}},"5":{"start":{"line":23,"column":8},"end":{"line":35,"column":13}},"6":{"start":{"line":24,"column":12},"end":{"line":34,"column":13}},"7":{"start":{"line":25,"column":16},"end":{"line":28,"column":30}},"8":{"start":{"line":30,"column":16},"end":{"line":33,"column":27}},"9":{"start":{"line":37,"column":8},"end":{"line":39,"column":21}},"10":{"start":{"line":40,"column":8},"end":{"line":53,"column":9}},"11":{"start":{"line":43,"column":12},"end":{"line":46,"column":14}},"12":{"start":{"line":47,"column":12},"end":{"line":47,"column":18}},"13":{"start":{"line":50,"column":12},"end":{"line":51,"column":46}},"14":{"start":{"line":52,"column":12},"end":{"line":52,"column":18}},"15":{"start":{"line":55,"column":8},"end":{"line":55,"column":35}},"16":{"start":{"line":61,"column":4},"end":{"line":63,"column":9}},"17":{"start":{"line":62,"column":8},"end":{"line":62,"column":15}},"18":{"start":{"line":64,"column":4},"end":{"line":77,"column":5}},"19":{"start":{"line":70,"column":8},"end":{"line":70,"column":14}},"20":{"start":{"line":76,"column":8},"end":{"line":76,"column":14}},"21":{"start":{"line":82,"column":4},"end":{"line":84,"column":9}},"22":{"start":{"line":83,"column":8},"end":{"line":83,"column":15}},"23":{"start":{"line":85,"column":4},"end":{"line":194,"column":5}},"24":{"start":{"line":91,"column":8},"end":{"line":99,"column":10}},"25":{"start":{"line":98,"column":12},"end":{"line":98,"column":35}},"26":{"start":{"line":102,"column":8},"end":{"line":104,"column":63}},"27":{"start":{"line":105,"column":8},"end":{"line":105,"column":14}},"28":{"start":{"line":112,"column":8},"end":{"line":121,"column":10},"skip":true},"29":{"start":{"line":119,"column":12},"end":{"line":119,"column":55},"skip":true},"30":{"start":{"line":120,"column":12},"end":{"line":120,"column":48},"skip":true},"31":{"start":{"line":123,"column":8},"end":{"line":136,"column":10},"skip":true},"32":{"start":{"line":130,"column":12},"end":{"line":130,"column":76},"skip":true},"33":{"start":{"line":131,"column":12},"end":{"line":131,"column":73},"skip":true},"34":{"start":{"line":132,"column":12},"end":{"line":132,"column":74},"skip":true},"35":{"start":{"line":133,"column":12},"end":{"line":133,"column":79},"skip":true},"36":{"start":{"line":134,"column":12},"end":{"line":134,"column":25},"skip":true},"37":{"start":{"line":135,"column":12},"end":{"line":135,"column":45},"skip":true},"38":{"start":{"line":138,"column":8},"end":{"line":145,"column":14},"skip":true},"39":{"start":{"line":143,"column":16},"end":{"line":143,"column":29},"skip":true},"40":{"start":{"line":144,"column":16},"end":{"line":144,"column":55},"skip":true},"41":{"start":{"line":147,"column":8},"end":{"line":156,"column":10},"skip":true},"42":{"start":{"line":154,"column":12},"end":{"line":154,"column":25},"skip":true},"43":{"start":{"line":155,"column":12},"end":{"line":155,"column":45},"skip":true},"44":{"start":{"line":158,"column":8},"end":{"line":167,"column":10},"skip":true},"45":{"start":{"line":165,"column":12},"end":{"line":165,"column":25},"skip":true},"46":{"start":{"line":166,"column":12},"end":{"line":166,"column":48},"skip":true},"47":{"start":{"line":169,"column":8},"end":{"line":178,"column":10},"skip":true},"48":{"start":{"line":176,"column":12},"end":{"line":176,"column":25},"skip":true},"49":{"start":{"line":177,"column":12},"end":{"line":177,"column":46},"skip":true},"50":{"start":{"line":180,"column":8},"end":{"line":189,"column":10},"skip":true},"51":{"start":{"line":187,"column":12},"end":{"line":187,"column":94},"skip":true},"52":{"start":{"line":188,"column":12},"end":{"line":188,"column":48},"skip":true},"53":{"start":{"line":192,"column":8},"end":{"line":192,"column":35},"skip":true},"54":{"start":{"line":193,"column":8},"end":{"line":193,"column":14},"skip":true}},"branchMap":{"1":{"line":25,"type":"binary-expr","locations":[{"start":{"line":25,"column":23},"end":{"line":25,"column":62}},{"start":{"line":26,"column":20},"end":{"line":26,"column":70}},{"start":{"line":27,"column":20},"end":{"line":27,"column":71}},{"start":{"line":28,"column":20},"end":{"line":28,"column":29}}]},"2":{"line":30,"type":"binary-expr","locations":[{"start":{"line":30,"column":23},"end":{"line":30,"column":37}},{"start":{"line":31,"column":20},"end":{"line":31,"column":61}},{"start":{"line":32,"column":20},"end":{"line":32,"column":70}},{"start":{"line":33,"column":20},"end":{"line":33,"column":26}}]},"3":{"line":37,"type":"cond-expr","locations":[{"start":{"line":38,"column":14},"end":{"line":38,"column":20}},{"start":{"line":39,"column":14},"end":{"line":39,"column":20}}]},"4":{"line":40,"type":"switch","locations":[{"start":{"line":42,"column":8},"end":{"line":47,"column":18}},{"start":{"line":49,"column":8},"end":{"line":52,"column":18}}]},"5":{"line":44,"type":"binary-expr","locations":[{"start":{"line":44,"column":16},"end":{"line":44,"column":44}},{"start":{"line":44,"column":48},"end":{"line":44,"column":66}}]},"6":{"line":50,"type":"binary-expr","locations":[{"start":{"line":50,"column":21},"end":{"line":50,"column":49}},{"start":{"line":50,"column":53},"end":{"line":50,"column":72}}]},"7":{"line":64,"type":"switch","locations":[{"start":{"line":69,"column":4},"end":{"line":70,"column":14}},{"start":{"line":75,"column":4},"end":{"line":76,"column":14}}]},"8":{"line":85,"type":"switch","locations":[{"start":{"line":90,"column":4},"end":{"line":105,"column":14}},{"start":{"line":111,"column":4},"end":{"line":193,"column":14},"skip":true}]},"9":{"line":91,"type":"binary-expr","locations":[{"start":{"line":91,"column":42},"end":{"line":91,"column":73}},{"start":{"line":91,"column":77},"end":{"line":99,"column":9}}]},"10":{"line":102,"type":"binary-expr","locations":[{"start":{"line":102,"column":18},"end":{"line":102,"column":32}},{"start":{"line":103,"column":12},"end":{"line":103,"column":53}},{"start":{"line":104,"column":12},"end":{"line":104,"column":61}}]},"11":{"line":112,"type":"binary-expr","locations":[{"start":{"line":112,"column":45},"end":{"line":112,"column":79},"skip":true},{"start":{"line":112,"column":83},"end":{"line":121,"column":9},"skip":true}]},"12":{"line":123,"type":"binary-expr","locations":[{"start":{"line":123,"column":42},"end":{"line":123,"column":73},"skip":true},{"start":{"line":123,"column":77},"end":{"line":136,"column":9},"skip":true}]},"13":{"line":138,"type":"binary-expr","locations":[{"start":{"line":138,"column":48},"end":{"line":138,"column":85},"skip":true},{"start":{"line":139,"column":12},"end":{"line":145,"column":13},"skip":true}]},"14":{"line":147,"type":"binary-expr","locations":[{"start":{"line":147,"column":42},"end":{"line":147,"column":73},"skip":true},{"start":{"line":147,"column":77},"end":{"line":156,"column":9},"skip":true}]},"15":{"line":158,"type":"binary-expr","locations":[{"start":{"line":158,"column":45},"end":{"line":158,"column":79},"skip":true},{"start":{"line":158,"column":83},"end":{"line":167,"column":9},"skip":true}]},"16":{"line":169,"type":"binary-expr","locations":[{"start":{"line":169,"column":43},"end":{"line":169,"column":75},"skip":true},{"start":{"line":169,"column":79},"end":{"line":178,"column":9},"skip":true}]},"17":{"line":180,"type":"binary-expr","locations":[{"start":{"line":180,"column":41},"end":{"line":180,"column":71},"skip":true},{"start":{"line":180,"column":75},"end":{"line":189,"column":9},"skip":true}]}},"code":["/* istanbul instrument in package npmtest_xpath */","/*jslint","    bitwise: true,","    browser: true,","    maxerr: 8,","    maxlen: 96,","    node: true,","    nomen: true,","    regexp: true,","    stupid: true","*/","(function () {","    'use strict';","    var local;","","","","    // run shared js-env code - pre-init","    (function () {","        // init local","        local = {};","        // init modeJs","        local.modeJs = (function () {","            try {","                return typeof navigator.userAgent === 'string' &&","                    typeof document.querySelector('body') === 'object' &&","                    typeof XMLHttpRequest.prototype.open === 'function' &&","                    'browser';","            } catch (errorCaughtBrowser) {","                return module.exports &&","                    typeof process.versions.node === 'string' &&","                    typeof require('http').createServer === 'function' &&","                    'node';","            }","        }());","        // init global","        local.global = local.modeJs === 'browser'","            ? window","            : global;","        switch (local.modeJs) {","        // re-init local from window.local","        case 'browser':","            local = local.global.utility2.objectSetDefault(","                local.global.utility2_rollup || local.global.local,","                local.global.utility2","            );","            break;","        // re-init local from example.js","        case 'node':","            local = (local.global.utility2_rollup || require('utility2'))","                .requireExampleJsFromReadme();","            break;","        }","        // export local","        local.global.local = local;","    }());","","","","    // run shared js-env code - function","    (function () {","        return;","    }());","    switch (local.modeJs) {","","","","    // run browser js-env code - function","    case 'browser':","        break;","","","","    // run node js-env code - function","    case 'node':","        break;","    }","","","","    // run shared js-env code - post-init","    (function () {","        return;","    }());","    switch (local.modeJs) {","","","","    // run browser js-env code - post-init","    case 'browser':","        local.testCase_browser_nullCase = local.testCase_browser_nullCase || function (","            options,","            onError","        ) {","        /*","         * this function will test browsers's null-case handling-behavior-behavior","         */","            onError(null, options);","        };","","        // run tests","        local.nop(local.modeTest &&","            document.querySelector('#testRunButton1') &&","            document.querySelector('#testRunButton1').click());","        break;","","","","    // run node js-env code - post-init","    /* istanbul ignore next */","    case 'node':","        local.testCase_buildApidoc_default = local.testCase_buildApidoc_default || function (","            options,","            onError","        ) {","        /*","         * this function will test buildApidoc's default handling-behavior-behavior","         */","            options = { modulePathList: module.paths };","            local.buildApidoc(options, onError);","        };","","        local.testCase_buildApp_default = local.testCase_buildApp_default || function (","            options,","            onError","        ) {","        /*","         * this function will test buildApp's default handling-behavior-behavior","         */","            local.testCase_buildReadme_default(options, local.onErrorThrow);","            local.testCase_buildLib_default(options, local.onErrorThrow);","            local.testCase_buildTest_default(options, local.onErrorThrow);","            local.testCase_buildCustomOrg_default(options, local.onErrorThrow);","            options = [];","            local.buildApp(options, onError);","        };","","        local.testCase_buildCustomOrg_default = local.testCase_buildCustomOrg_default ||","            function (options, onError) {","            /*","             * this function will test buildCustomOrg's default handling-behavior","             */","                options = {};","                local.buildCustomOrg(options, onError);","            };","","        local.testCase_buildLib_default = local.testCase_buildLib_default || function (","            options,","            onError","        ) {","        /*","         * this function will test buildLib's default handling-behavior","         */","            options = {};","            local.buildLib(options, onError);","        };","","        local.testCase_buildReadme_default = local.testCase_buildReadme_default || function (","            options,","            onError","        ) {","        /*","         * this function will test buildReadme's default handling-behavior-behavior","         */","            options = {};","            local.buildReadme(options, onError);","        };","","        local.testCase_buildTest_default = local.testCase_buildTest_default || function (","            options,","            onError","        ) {","        /*","         * this function will test buildTest's default handling-behavior","         */","            options = {};","            local.buildTest(options, onError);","        };","","        local.testCase_webpage_default = local.testCase_webpage_default || function (","            options,","            onError","        ) {","        /*","         * this function will test webpage's default handling-behavior","         */","            options = { modeCoverageMerge: true, url: local.serverLocalHost + '?modeTest=1' };","            local.browserTest(options, onError);","        };","","        // run test-server","        local.testRunServer(local);","        break;","    }","}());",""],"l":{"12":2,"14":2,"19":2,"21":2,"23":2,"24":2,"25":2,"30":1,"37":2,"40":2,"43":1,"47":1,"50":1,"52":1,"55":2,"61":2,"62":2,"64":2,"70":1,"76":1,"82":2,"83":2,"85":2,"91":1,"98":1,"102":1,"105":1,"112":1,"119":1,"120":1,"123":1,"130":1,"131":1,"132":1,"133":1,"134":1,"135":1,"138":1,"143":2,"144":2,"147":1,"154":2,"155":2,"158":1,"165":2,"166":2,"169":1,"176":2,"177":2,"180":1,"187":1,"188":1,"192":1,"193":1}},"/home/travis/build/npmtest/node-npmtest-xpath/lib.npmtest_xpath.js":{"path":"/home/travis/build/npmtest/node-npmtest-xpath/lib.npmtest_xpath.js","s":{"1":2,"2":2,"3":2,"4":2,"5":2,"6":2,"7":2,"8":1,"9":2,"10":2,"11":2,"12":2,"13":1,"14":1,"15":1,"16":1},"b":{"1":[2,1,1,1],"2":[1,1,1,1],"3":[1,1],"4":[2,2],"5":[1,1]},"f":{"1":2,"2":2,"3":2},"fnMap":{"1":{"name":"(anonymous_1)","line":12,"loc":{"start":{"line":12,"column":1},"end":{"line":12,"column":13}}},"2":{"name":"(anonymous_2)","line":19,"loc":{"start":{"line":19,"column":5},"end":{"line":19,"column":17}}},"3":{"name":"(anonymous_3)","line":23,"loc":{"start":{"line":23,"column":24},"end":{"line":23,"column":36}}}},"statementMap":{"1":{"start":{"line":12,"column":0},"end":{"line":53,"column":5}},"2":{"start":{"line":14,"column":4},"end":{"line":14,"column":14}},"3":{"start":{"line":19,"column":4},"end":{"line":52,"column":9}},"4":{"start":{"line":21,"column":8},"end":{"line":21,"column":19}},"5":{"start":{"line":23,"column":8},"end":{"line":35,"column":13}},"6":{"start":{"line":24,"column":12},"end":{"line":34,"column":13}},"7":{"start":{"line":25,"column":16},"end":{"line":28,"column":30}},"8":{"start":{"line":30,"column":16},"end":{"line":33,"column":27}},"9":{"start":{"line":37,"column":8},"end":{"line":39,"column":21}},"10":{"start":{"line":41,"column":8},"end":{"line":41,"column":54}},"11":{"start":{"line":43,"column":8},"end":{"line":43,"column":50}},"12":{"start":{"line":45,"column":8},"end":{"line":51,"column":9}},"13":{"start":{"line":46,"column":12},"end":{"line":46,"column":56}},"14":{"start":{"line":48,"column":12},"end":{"line":48,"column":35}},"15":{"start":{"line":49,"column":12},"end":{"line":49,"column":49}},"16":{"start":{"line":50,"column":12},"end":{"line":50,"column":43}}},"branchMap":{"1":{"line":25,"type":"binary-expr","locations":[{"start":{"line":25,"column":23},"end":{"line":25,"column":62}},{"start":{"line":26,"column":20},"end":{"line":26,"column":70}},{"start":{"line":27,"column":20},"end":{"line":27,"column":71}},{"start":{"line":28,"column":20},"end":{"line":28,"column":29}}]},"2":{"line":30,"type":"binary-expr","locations":[{"start":{"line":30,"column":23},"end":{"line":30,"column":37}},{"start":{"line":31,"column":20},"end":{"line":31,"column":61}},{"start":{"line":32,"column":20},"end":{"line":32,"column":70}},{"start":{"line":33,"column":20},"end":{"line":33,"column":26}}]},"3":{"line":37,"type":"cond-expr","locations":[{"start":{"line":38,"column":14},"end":{"line":38,"column":20}},{"start":{"line":39,"column":14},"end":{"line":39,"column":20}}]},"4":{"line":41,"type":"binary-expr","locations":[{"start":{"line":41,"column":16},"end":{"line":41,"column":44}},{"start":{"line":41,"column":48},"end":{"line":41,"column":53}}]},"5":{"line":45,"type":"if","locations":[{"start":{"line":45,"column":8},"end":{"line":45,"column":8}},{"start":{"line":45,"column":8},"end":{"line":45,"column":8}}]}},"code":["/* istanbul instrument in package npmtest_xpath */","/*jslint","    bitwise: true,","    browser: true,","    maxerr: 8,","    maxlen: 96,","    node: true,","    nomen: true,","    regexp: true,","    stupid: true","*/","(function () {","    'use strict';","    var local;","","","","    // run shared js-env code - pre-init","    (function () {","        // init local","        local = {};","        // init modeJs","        local.modeJs = (function () {","            try {","                return typeof navigator.userAgent === 'string' &&","                    typeof document.querySelector('body') === 'object' &&","                    typeof XMLHttpRequest.prototype.open === 'function' &&","                    'browser';","            } catch (errorCaughtBrowser) {","                return module.exports &&","                    typeof process.versions.node === 'string' &&","                    typeof require('http').createServer === 'function' &&","                    'node';","            }","        }());","        // init global","        local.global = local.modeJs === 'browser'","            ? window","            : global;","        // init utility2_rollup","        local = local.global.utility2_rollup || local;","        // init lib","        local.local = local.npmtest_xpath = local;","        // init exports","        if (local.modeJs === 'browser') {","            local.global.utility2_npmtest_xpath = local;","        } else {","            module.exports = local;","            module.exports.__dirname = __dirname;","            module.exports.module = module;","        }","    }());","}());",""],"l":{"12":2,"14":2,"19":2,"21":2,"23":2,"24":2,"25":2,"30":1,"37":2,"41":2,"43":2,"45":2,"46":1,"48":1,"49":1,"50":1}},"/home/travis/build/npmtest/node-npmtest-xpath/example.js":{"path":"/home/travis/build/npmtest/node-npmtest-xpath/example.js","s":{"1":2,"2":2,"3":2,"4":2,"5":2,"6":2,"7":2,"8":1,"9":2,"10":2,"11":2,"12":2,"13":1,"14":2,"15":2,"16":2,"17":2,"18":2,"19":0,"20":2,"21":1,"22":1,"23":1,"24":1,"25":1,"26":0,"27":0,"28":1,"29":1,"30":2,"31":0,"32":0,"33":0,"34":1,"35":2,"36":2,"37":3,"38":3,"39":3,"40":3,"41":0,"42":3,"43":3,"44":3,"45":1,"46":3,"47":1,"48":1,"49":1,"50":1,"51":1,"52":1,"53":1,"54":1,"55":1,"56":1,"57":0,"58":1,"59":6,"60":6,"61":1,"62":2,"63":0,"64":2,"65":1,"66":1,"67":0,"68":0,"69":0,"70":0,"71":0,"72":0,"73":0,"74":0,"75":0,"76":0,"77":0,"78":0,"79":0,"80":0,"81":0,"82":0,"83":0},"b":{"1":[2,1,1,1],"2":[1,1,1,1],"3":[1,1],"4":[2,2],"5":[1,1],"6":[1,1],"7":[2,0],"8":[2,1,1,1,1,1],"9":[0,2,0],"10":[1,1],"11":[2,1,1],"12":[1,0],"13":[0,2],"14":[2,0,0,0,0,0,0],"15":[0,3],"16":[3,0],"17":[1,1],"18":[0,1],"19":[1,2,0,2],"20":[1,0],"21":[1,1],"22":[0,0],"23":[0,0],"24":[0,0],"25":[0,0],"26":[0,0],"27":[0,0],"28":[0,0]},"f":{"1":2,"2":2,"3":2,"4":2,"5":2,"6":2,"7":3,"8":3,"9":3,"10":1,"11":6,"12":0},"fnMap":{"1":{"name":"(anonymous_1)","line":26,"loc":{"start":{"line":26,"column":1},"end":{"line":26,"column":13}}},"2":{"name":"(anonymous_2)","line":33,"loc":{"start":{"line":33,"column":5},"end":{"line":33,"column":17}}},"3":{"name":"(anonymous_3)","line":37,"loc":{"start":{"line":37,"column":24},"end":{"line":37,"column":36}}},"4":{"name":"(anonymous_4)","line":69,"loc":{"start":{"line":69,"column":31},"end":{"line":69,"column":48}},"skip":true},"5":{"name":"(anonymous_5)","line":78,"loc":{"start":{"line":78,"column":26},"end":{"line":78,"column":45}},"skip":true},"6":{"name":"(anonymous_6)","line":123,"loc":{"start":{"line":123,"column":33},"end":{"line":123,"column":48}},"skip":true},"7":{"name":"(anonymous_7)","line":125,"loc":{"start":{"line":125,"column":27},"end":{"line":125,"column":39}},"skip":true},"8":{"name":"(anonymous_8)","line":133,"loc":{"start":{"line":133,"column":59},"end":{"line":133,"column":74}},"skip":true},"9":{"name":"(anonymous_9)","line":143,"loc":{"start":{"line":143,"column":45},"end":{"line":143,"column":62}},"skip":true},"10":{"name":"(anonymous_10)","line":144,"loc":{"start":{"line":144,"column":73},"end":{"line":144,"column":92}},"skip":true},"11":{"name":"(anonymous_11)","line":272,"loc":{"start":{"line":272,"column":51},"end":{"line":272,"column":77}},"skip":true},"12":{"name":"(anonymous_12)","line":315,"loc":{"start":{"line":315,"column":32},"end":{"line":315,"column":61}},"skip":true}},"statementMap":{"1":{"start":{"line":26,"column":0},"end":{"line":326,"column":5}},"2":{"start":{"line":28,"column":4},"end":{"line":28,"column":14}},"3":{"start":{"line":33,"column":4},"end":{"line":60,"column":9}},"4":{"start":{"line":35,"column":8},"end":{"line":35,"column":19}},"5":{"start":{"line":37,"column":8},"end":{"line":49,"column":13}},"6":{"start":{"line":38,"column":12},"end":{"line":48,"column":13}},"7":{"start":{"line":39,"column":16},"end":{"line":42,"column":30}},"8":{"start":{"line":44,"column":16},"end":{"line":47,"column":27}},"9":{"start":{"line":51,"column":8},"end":{"line":53,"column":21}},"10":{"start":{"line":55,"column":8},"end":{"line":57,"column":45}},"11":{"start":{"line":59,"column":8},"end":{"line":59,"column":35}},"12":{"start":{"line":61,"column":4},"end":{"line":325,"column":5}},"13":{"start":{"line":69,"column":8},"end":{"line":121,"column":10},"skip":true},"14":{"start":{"line":70,"column":12},"end":{"line":88,"column":13},"skip":true},"15":{"start":{"line":76,"column":16},"end":{"line":87,"column":19},"skip":true},"16":{"start":{"line":79,"column":20},"end":{"line":86,"column":21},"skip":true},"17":{"start":{"line":82,"column":24},"end":{"line":82,"column":43},"skip":true},"18":{"start":{"line":83,"column":24},"end":{"line":83,"column":30},"skip":true},"19":{"start":{"line":85,"column":24},"end":{"line":85,"column":49},"skip":true},"20":{"start":{"line":89,"column":12},"end":{"line":107,"column":13},"skip":true},"21":{"start":{"line":92,"column":16},"end":{"line":102,"column":17},"skip":true},"22":{"start":{"line":93,"column":20},"end":{"line":93,"column":86},"skip":true},"23":{"start":{"line":94,"column":20},"end":{"line":95,"column":45},"skip":true},"24":{"start":{"line":96,"column":20},"end":{"line":96,"column":42},"skip":true},"25":{"start":{"line":97,"column":20},"end":{"line":97,"column":48},"skip":true},"26":{"start":{"line":100,"column":20},"end":{"line":100,"column":85},"skip":true},"27":{"start":{"line":101,"column":20},"end":{"line":101,"column":96},"skip":true},"28":{"start":{"line":103,"column":16},"end":{"line":103,"column":22},"skip":true},"29":{"start":{"line":106,"column":16},"end":{"line":106,"column":22},"skip":true},"30":{"start":{"line":108,"column":12},"end":{"line":120,"column":13},"skip":true},"31":{"start":{"line":114,"column":16},"end":{"line":119,"column":17},"skip":true},"32":{"start":{"line":116,"column":20},"end":{"line":116,"column":78},"skip":true},"33":{"start":{"line":118,"column":20},"end":{"line":118,"column":47},"skip":true},"34":{"start":{"line":123,"column":8},"end":{"line":141,"column":11},"skip":true},"35":{"start":{"line":124,"column":12},"end":{"line":124,"column":54},"skip":true},"36":{"start":{"line":125,"column":12},"end":{"line":140,"column":14},"skip":true},"37":{"start":{"line":126,"column":16},"end":{"line":126,"column":28},"skip":true},"38":{"start":{"line":127,"column":16},"end":{"line":127,"column":69},"skip":true},"39":{"start":{"line":128,"column":16},"end":{"line":128,"column":75},"skip":true},"40":{"start":{"line":129,"column":16},"end":{"line":131,"column":17},"skip":true},"41":{"start":{"line":130,"column":20},"end":{"line":130,"column":27},"skip":true},"42":{"start":{"line":133,"column":16},"end":{"line":137,"column":36},"skip":true},"43":{"start":{"line":134,"column":20},"end":{"line":136,"column":55},"skip":true},"44":{"start":{"line":139,"column":16},"end":{"line":139,"column":57},"skip":true},"45":{"start":{"line":143,"column":8},"end":{"line":147,"column":11},"skip":true},"46":{"start":{"line":144,"column":12},"end":{"line":146,"column":15},"skip":true},"47":{"start":{"line":145,"column":16},"end":{"line":145,"column":70},"skip":true},"48":{"start":{"line":149,"column":8},"end":{"line":149,"column":31},"skip":true},"49":{"start":{"line":150,"column":8},"end":{"line":150,"column":14},"skip":true},"50":{"start":{"line":158,"column":8},"end":{"line":158,"column":31},"skip":true},"51":{"start":{"line":160,"column":8},"end":{"line":160,"column":33},"skip":true},"52":{"start":{"line":161,"column":8},"end":{"line":161,"column":37},"skip":true},"53":{"start":{"line":162,"column":8},"end":{"line":162,"column":35},"skip":true},"54":{"start":{"line":164,"column":8},"end":{"line":164,"column":50},"skip":true},"55":{"start":{"line":166,"column":8},"end":{"line":256,"column":2},"skip":true},"56":{"start":{"line":258,"column":8},"end":{"line":286,"column":9},"skip":true},"57":{"start":{"line":259,"column":12},"end":{"line":269,"column":14},"skip":true},"58":{"start":{"line":271,"column":12},"end":{"line":285,"column":19},"skip":true},"59":{"start":{"line":274,"column":20},"end":{"line":274,"column":35},"skip":true},"60":{"start":{"line":275,"column":20},"end":{"line":284,"column":21},"skip":true},"61":{"start":{"line":277,"column":24},"end":{"line":277,"column":64},"skip":true},"62":{"start":{"line":279,"column":24},"end":{"line":279,"column":40},"skip":true},"63":{"start":{"line":281,"column":24},"end":{"line":281,"column":40},"skip":true},"64":{"start":{"line":283,"column":24},"end":{"line":283,"column":39},"skip":true},"65":{"start":{"line":288,"column":8},"end":{"line":290,"column":9},"skip":true},"66":{"start":{"line":289,"column":12},"end":{"line":289,"column":18},"skip":true},"67":{"start":{"line":291,"column":8},"end":{"line":293,"column":54},"skip":true},"68":{"start":{"line":296,"column":8},"end":{"line":301,"column":37},"skip":true},"69":{"start":{"line":303,"column":8},"end":{"line":303,"column":82},"skip":true},"70":{"start":{"line":306,"column":8},"end":{"line":308,"column":9},"skip":true},"71":{"start":{"line":307,"column":12},"end":{"line":307,"column":82},"skip":true},"72":{"start":{"line":310,"column":8},"end":{"line":312,"column":9},"skip":true},"73":{"start":{"line":311,"column":12},"end":{"line":311,"column":18},"skip":true},"74":{"start":{"line":313,"column":8},"end":{"line":313,"column":54},"skip":true},"75":{"start":{"line":314,"column":8},"end":{"line":314,"column":69},"skip":true},"76":{"start":{"line":315,"column":8},"end":{"line":323,"column":36},"skip":true},"77":{"start":{"line":316,"column":12},"end":{"line":316,"column":61},"skip":true},"78":{"start":{"line":317,"column":12},"end":{"line":320,"column":13},"skip":true},"79":{"start":{"line":318,"column":16},"end":{"line":318,"column":75},"skip":true},"80":{"start":{"line":319,"column":16},"end":{"line":319,"column":23},"skip":true},"81":{"start":{"line":321,"column":12},"end":{"line":321,"column":38},"skip":true},"82":{"start":{"line":322,"column":12},"end":{"line":322,"column":27},"skip":true},"83":{"start":{"line":324,"column":8},"end":{"line":324,"column":14},"skip":true}},"branchMap":{"1":{"line":39,"type":"binary-expr","locations":[{"start":{"line":39,"column":23},"end":{"line":39,"column":62}},{"start":{"line":40,"column":20},"end":{"line":40,"column":70}},{"start":{"line":41,"column":20},"end":{"line":41,"column":71}},{"start":{"line":42,"column":20},"end":{"line":42,"column":29}}]},"2":{"line":44,"type":"binary-expr","locations":[{"start":{"line":44,"column":23},"end":{"line":44,"column":37}},{"start":{"line":45,"column":20},"end":{"line":45,"column":61}},{"start":{"line":46,"column":20},"end":{"line":46,"column":70}},{"start":{"line":47,"column":20},"end":{"line":47,"column":26}}]},"3":{"line":51,"type":"cond-expr","locations":[{"start":{"line":52,"column":14},"end":{"line":52,"column":20}},{"start":{"line":53,"column":14},"end":{"line":53,"column":20}}]},"4":{"line":55,"type":"binary-expr","locations":[{"start":{"line":55,"column":16},"end":{"line":55,"column":44}},{"start":{"line":55,"column":49},"end":{"line":57,"column":43}}]},"5":{"line":55,"type":"cond-expr","locations":[{"start":{"line":56,"column":14},"end":{"line":56,"column":49}},{"start":{"line":57,"column":14},"end":{"line":57,"column":43}}]},"6":{"line":61,"type":"switch","locations":[{"start":{"line":68,"column":4},"end":{"line":150,"column":14},"skip":true},{"start":{"line":156,"column":4},"end":{"line":324,"column":14},"skip":true}]},"7":{"line":70,"type":"if","locations":[{"start":{"line":70,"column":12},"end":{"line":70,"column":12},"skip":true},{"start":{"line":70,"column":12},"end":{"line":70,"column":12},"skip":true}]},"8":{"line":70,"type":"binary-expr","locations":[{"start":{"line":70,"column":16},"end":{"line":70,"column":22},"skip":true},{"start":{"line":70,"column":27},"end":{"line":70,"column":32},"skip":true},{"start":{"line":71,"column":20},"end":{"line":71,"column":39},"skip":true},{"start":{"line":72,"column":20},"end":{"line":72,"column":49},"skip":true},{"start":{"line":73,"column":20},"end":{"line":73,"column":58},"skip":true},{"start":{"line":74,"column":20},"end":{"line":74,"column":69},"skip":true}]},"9":{"line":79,"type":"switch","locations":[{"start":{"line":80,"column":20},"end":{"line":80,"column":33},"skip":true},{"start":{"line":81,"column":20},"end":{"line":83,"column":30},"skip":true},{"start":{"line":84,"column":20},"end":{"line":85,"column":49},"skip":true}]},"10":{"line":89,"type":"switch","locations":[{"start":{"line":90,"column":12},"end":{"line":103,"column":22},"skip":true},{"start":{"line":105,"column":12},"end":{"line":106,"column":22},"skip":true}]},"11":{"line":89,"type":"binary-expr","locations":[{"start":{"line":89,"column":20},"end":{"line":89,"column":25},"skip":true},{"start":{"line":89,"column":29},"end":{"line":89,"column":48},"skip":true},{"start":{"line":89,"column":52},"end":{"line":89,"column":74},"skip":true}]},"12":{"line":92,"type":"if","locations":[{"start":{"line":92,"column":16},"end":{"line":92,"column":16},"skip":true},{"start":{"line":92,"column":16},"end":{"line":92,"column":16},"skip":true}]},"13":{"line":108,"type":"if","locations":[{"start":{"line":108,"column":12},"end":{"line":108,"column":12},"skip":true},{"start":{"line":108,"column":12},"end":{"line":108,"column":12},"skip":true}]},"14":{"line":108,"type":"binary-expr","locations":[{"start":{"line":108,"column":16},"end":{"line":108,"column":61},"skip":true},{"start":{"line":108,"column":66},"end":{"line":108,"column":72},"skip":true},{"start":{"line":108,"column":77},"end":{"line":108,"column":82},"skip":true},{"start":{"line":109,"column":20},"end":{"line":109,"column":39},"skip":true},{"start":{"line":110,"column":20},"end":{"line":110,"column":49},"skip":true},{"start":{"line":111,"column":20},"end":{"line":111,"column":58},"skip":true},{"start":{"line":112,"column":20},"end":{"line":112,"column":68},"skip":true}]},"15":{"line":129,"type":"if","locations":[{"start":{"line":129,"column":16},"end":{"line":129,"column":16},"skip":true},{"start":{"line":129,"column":16},"end":{"line":129,"column":16},"skip":true}]},"16":{"line":134,"type":"cond-expr","locations":[{"start":{"line":135,"column":26},"end":{"line":135,"column":29},"skip":true},{"start":{"line":136,"column":26},"end":{"line":136,"column":54},"skip":true}]},"17":{"line":164,"type":"binary-expr","locations":[{"start":{"line":164,"column":27},"end":{"line":164,"column":43},"skip":true},{"start":{"line":164,"column":47},"end":{"line":164,"column":49},"skip":true}]},"18":{"line":258,"type":"if","locations":[{"start":{"line":258,"column":8},"end":{"line":258,"column":8},"skip":true},{"start":{"line":258,"column":8},"end":{"line":258,"column":8},"skip":true}]},"19":{"line":275,"type":"switch","locations":[{"start":{"line":276,"column":20},"end":{"line":277,"column":64},"skip":true},{"start":{"line":278,"column":20},"end":{"line":279,"column":40},"skip":true},{"start":{"line":280,"column":20},"end":{"line":281,"column":40},"skip":true},{"start":{"line":282,"column":20},"end":{"line":283,"column":39},"skip":true}]},"20":{"line":288,"type":"if","locations":[{"start":{"line":288,"column":8},"end":{"line":288,"column":8},"skip":true},{"start":{"line":288,"column":8},"end":{"line":288,"column":8},"skip":true}]},"21":{"line":288,"type":"binary-expr","locations":[{"start":{"line":288,"column":12},"end":{"line":288,"column":40},"skip":true},{"start":{"line":288,"column":44},"end":{"line":288,"column":67},"skip":true}]},"22":{"line":292,"type":"binary-expr","locations":[{"start":{"line":292,"column":12},"end":{"line":292,"column":50},"skip":true},{"start":{"line":293,"column":12},"end":{"line":293,"column":53},"skip":true}]},"23":{"line":297,"type":"binary-expr","locations":[{"start":{"line":297,"column":12},"end":{"line":297,"column":63},"skip":true},{"start":{"line":298,"column":12},"end":{"line":301,"column":36},"skip":true}]},"24":{"line":303,"type":"binary-expr","locations":[{"start":{"line":303,"column":43},"end":{"line":303,"column":75},"skip":true},{"start":{"line":303,"column":79},"end":{"line":303,"column":81},"skip":true}]},"25":{"line":306,"type":"if","locations":[{"start":{"line":306,"column":8},"end":{"line":306,"column":8},"skip":true},{"start":{"line":306,"column":8},"end":{"line":306,"column":8},"skip":true}]},"26":{"line":310,"type":"if","locations":[{"start":{"line":310,"column":8},"end":{"line":310,"column":8},"skip":true},{"start":{"line":310,"column":8},"end":{"line":310,"column":8},"skip":true}]},"27":{"line":313,"type":"binary-expr","locations":[{"start":{"line":313,"column":27},"end":{"line":313,"column":43},"skip":true},{"start":{"line":313,"column":47},"end":{"line":313,"column":53},"skip":true}]},"28":{"line":317,"type":"if","locations":[{"start":{"line":317,"column":12},"end":{"line":317,"column":12},"skip":true},{"start":{"line":317,"column":12},"end":{"line":317,"column":12},"skip":true}]}},"code":["/*","example.js","","quickstart example","","instruction","    1. save this script as example.js","    2. run the shell command:","        $ npm install npmtest-xpath && PORT=8081 node example.js","    3. play with the browser-demo on http://127.0.0.1:8081","*/","","","","/* istanbul instrument in package npmtest_xpath */","/*jslint","    bitwise: true,","    browser: true,","    maxerr: 8,","    maxlen: 96,","    node: true,","    nomen: true,","    regexp: true,","    stupid: true","*/","(function () {","    'use strict';","    var local;","","","","    // run shared js-env code - pre-init","    (function () {","        // init local","        local = {};","        // init modeJs","        local.modeJs = (function () {","            try {","                return typeof navigator.userAgent === 'string' &&","                    typeof document.querySelector('body') === 'object' &&","                    typeof XMLHttpRequest.prototype.open === 'function' &&","                    'browser';","            } catch (errorCaughtBrowser) {","                return module.exports &&","                    typeof process.versions.node === 'string' &&","                    typeof require('http').createServer === 'function' &&","                    'node';","            }","        }());","        // init global","        local.global = local.modeJs === 'browser'","            ? window","            : global;","        // init utility2_rollup","        local = local.global.utility2_rollup || (local.modeJs === 'browser'","            ? local.global.utility2_npmtest_xpath","            : global.utility2_moduleExports);","        // export local","        local.global.local = local;","    }());","    switch (local.modeJs) {","","","","    // post-init","    // run browser js-env code - post-init","    /* istanbul ignore next */","    case 'browser':","        local.testRunBrowser = function (event) {","            if (!event || (event &&","                    event.currentTarget &&","                    event.currentTarget.className &&","                    event.currentTarget.className.includes &&","                    event.currentTarget.className.includes('onreset'))) {","                // reset output","                Array.from(","                    document.querySelectorAll('body > .resettable')","                ).forEach(function (element) {","                    switch (element.tagName) {","                    case 'INPUT':","                    case 'TEXTAREA':","                        element.value = '';","                        break;","                    default:","                        element.textContent = '';","                    }","                });","            }","            switch (event && event.currentTarget && event.currentTarget.id) {","            case 'testRunButton1':","                // show tests","                if (document.querySelector('#testReportDiv1').style.display === 'none') {","                    document.querySelector('#testReportDiv1').style.display = 'block';","                    document.querySelector('#testRunButton1').textContent =","                        'hide internal test';","                    local.modeTest = true;","                    local.testRunDefault(local);","                // hide tests","                } else {","                    document.querySelector('#testReportDiv1').style.display = 'none';","                    document.querySelector('#testRunButton1').textContent = 'run internal test';","                }","                break;","            // custom-case","            default:","                break;","            }","            if (document.querySelector('#inputTextareaEval1') && (!event || (event &&","                    event.currentTarget &&","                    event.currentTarget.className &&","                    event.currentTarget.className.includes &&","                    event.currentTarget.className.includes('oneval')))) {","                // try to eval input-code","                try {","                    /*jslint evil: true*/","                    eval(document.querySelector('#inputTextareaEval1').value);","                } catch (errorCaught) {","                    console.error(errorCaught);","                }","            }","        };","        // log stderr and stdout to #outputTextareaStdout1","        ['error', 'log'].forEach(function (key) {","            console[key + '_original'] = console[key];","            console[key] = function () {","                var element;","                console[key + '_original'].apply(console, arguments);","                element = document.querySelector('#outputTextareaStdout1');","                if (!element) {","                    return;","                }","                // append text to #outputTextareaStdout1","                element.value += Array.from(arguments).map(function (arg) {","                    return typeof arg === 'string'","                        ? arg","                        : JSON.stringify(arg, null, 4);","                }).join(' ') + '\\n';","                // scroll textarea to bottom","                element.scrollTop = element.scrollHeight;","            };","        });","        // init event-handling","        ['change', 'click', 'keyup'].forEach(function (event) {","            Array.from(document.querySelectorAll('.on' + event)).forEach(function (element) {","                element.addEventListener(event, local.testRunBrowser);","            });","        });","        // run tests","        local.testRunBrowser();","        break;","","","","    // run node js-env code - post-init","    /* istanbul ignore next */","    case 'node':","        // export local","        module.exports = local;","        // require modules","        local.fs = require('fs');","        local.http = require('http');","        local.url = require('url');","        // init assets","        local.assetsDict = local.assetsDict || {};","        /* jslint-ignore-begin */","        local.assetsDict['/assets.index.template.html'] = '\\","<!doctype html>\\n\\","<html lang=\"en\">\\n\\","<head>\\n\\","<meta charset=\"UTF-8\">\\n\\","<meta name=\"viewport\" content=\"width=device-width, initial-scale=1\">\\n\\","<title>{{env.npm_package_name}} (v{{env.npm_package_version}})</title>\\n\\","<style>\\n\\","/*csslint\\n\\","    box-sizing: false,\\n\\","    universal-selector: false\\n\\","*/\\n\\","* {\\n\\","    box-sizing: border-box;\\n\\","}\\n\\","body {\\n\\","    background: #dde;\\n\\","    font-family: Arial, Helvetica, sans-serif;\\n\\","    margin: 2rem;\\n\\","}\\n\\","body > * {\\n\\","    margin-bottom: 1rem;\\n\\","}\\n\\",".utility2FooterDiv {\\n\\","    margin-top: 20px;\\n\\","    text-align: center;\\n\\","}\\n\\","</style>\\n\\","<style>\\n\\","/*csslint\\n\\","*/\\n\\","textarea {\\n\\","    font-family: monospace;\\n\\","    height: 10rem;\\n\\","    width: 100%;\\n\\","}\\n\\","textarea[readonly] {\\n\\","    background: #ddd;\\n\\","}\\n\\","</style>\\n\\","</head>\\n\\","<body>\\n\\","<!-- utility2-comment\\n\\","<div id=\"ajaxProgressDiv1\" style=\"background: #d00; height: 2px; left: 0; margin: 0; padding: 0; position: fixed; top: 0; transition: background 0.5s, width 1.5s; width: 25%;\"></div>\\n\\","utility2-comment -->\\n\\","<h1>\\n\\","<!-- utility2-comment\\n\\","    <a\\n\\","        {{#if env.npm_package_homepage}}\\n\\","        href=\"{{env.npm_package_homepage}}\"\\n\\","        {{/if env.npm_package_homepage}}\\n\\","        target=\"_blank\"\\n\\","    >\\n\\","utility2-comment -->\\n\\","        {{env.npm_package_name}} (v{{env.npm_package_version}})\\n\\","<!-- utility2-comment\\n\\","    </a>\\n\\","utility2-comment -->\\n\\","</h1>\\n\\","<h3>{{env.npm_package_description}}</h3>\\n\\","<!-- utility2-comment\\n\\","<h4><a download href=\"assets.app.js\">download standalone app</a></h4>\\n\\","<button class=\"onclick onreset\" id=\"testRunButton1\">run internal test</button><br>\\n\\","<div id=\"testReportDiv1\" style=\"display: none;\"></div>\\n\\","utility2-comment -->\\n\\","\\n\\","\\n\\","\\n\\","<label>stderr and stdout</label>\\n\\","<textarea class=\"resettable\" id=\"outputTextareaStdout1\" readonly></textarea>\\n\\","<!-- utility2-comment\\n\\","{{#if isRollup}}\\n\\","<script src=\"assets.app.js\"></script>\\n\\","{{#unless isRollup}}\\n\\","utility2-comment -->\\n\\","<script src=\"assets.utility2.rollup.js\"></script>\\n\\","<script src=\"jsonp.utility2._stateInit?callback=window.utility2._stateInit\"></script>\\n\\","<script src=\"assets.npmtest_xpath.rollup.js\"></script>\\n\\","<script src=\"assets.example.js\"></script>\\n\\","<script src=\"assets.test.js\"></script>\\n\\","<!-- utility2-comment\\n\\","{{/if isRollup}}\\n\\","utility2-comment -->\\n\\","<div class=\"utility2FooterDiv\">\\n\\","    [ this app was created with\\n\\","    <a href=\"https://github.com/kaizhu256/node-utility2\" target=\"_blank\">utility2</a>\\n\\","    ]\\n\\","</div>\\n\\","</body>\\n\\","</html>\\n\\","';","        /* jslint-ignore-end */","        if (local.templateRender) {","            local.assetsDict['/'] = local.templateRender(","                local.assetsDict['/assets.index.template.html'],","                {","                    env: local.objectSetDefault(local.env, {","                        npm_package_description: 'the greatest app in the world!',","                        npm_package_name: 'my-app',","                        npm_package_nameAlias: 'my_app',","                        npm_package_version: '0.0.1'","                    })","                }","            );","        } else {","            local.assetsDict['/'] = local.assetsDict['/assets.index.template.html']","                .replace((/\\{\\{env\\.(\\w+?)\\}\\}/g), function (match0, match1) {","                    // jslint-hack","                    String(match0);","                    switch (match1) {","                    case 'npm_package_description':","                        return 'the greatest app in the world!';","                    case 'npm_package_name':","                        return 'my-app';","                    case 'npm_package_nameAlias':","                        return 'my_app';","                    case 'npm_package_version':","                        return '0.0.1';","                    }","                });","        }","        // run the cli","        if (local.global.utility2_rollup || module !== require.main) {","            break;","        }","        local.assetsDict['/assets.example.js'] =","            local.assetsDict['/assets.example.js'] ||","            local.fs.readFileSync(__filename, 'utf8');","        // bug-workaround - long $npm_package_buildCustomOrg","        /* jslint-ignore-begin */","        local.assetsDict['/assets.npmtest_xpath.rollup.js'] =","            local.assetsDict['/assets.npmtest_xpath.rollup.js'] ||","            local.fs.readFileSync(","                local.npmtest_xpath.__dirname + '/lib.npmtest_xpath.js',","                'utf8'","            ).replace((/^#!/), '//');","        /* jslint-ignore-end */","        local.assetsDict['/favicon.ico'] = local.assetsDict['/favicon.ico'] || '';","        // if $npm_config_timeout_exit exists,","        // then exit this process after $npm_config_timeout_exit ms","        if (Number(process.env.npm_config_timeout_exit)) {","            setTimeout(process.exit, Number(process.env.npm_config_timeout_exit));","        }","        // start server","        if (local.global.utility2_serverHttp1) {","            break;","        }","        process.env.PORT = process.env.PORT || '8081';","        console.error('server starting on port ' + process.env.PORT);","        local.http.createServer(function (request, response) {","            request.urlParsed = local.url.parse(request.url);","            if (local.assetsDict[request.urlParsed.pathname] !== undefined) {","                response.end(local.assetsDict[request.urlParsed.pathname]);","                return;","            }","            response.statusCode = 404;","            response.end();","        }).listen(process.env.PORT);","        break;","    }","}());",""],"l":{"26":2,"28":2,"33":2,"35":2,"37":2,"38":2,"39":2,"44":1,"51":2,"55":2,"59":2,"61":2,"69":1,"70":2,"76":2,"79":2,"82":2,"83":2,"85":1,"89":2,"92":1,"93":1,"94":1,"96":1,"97":1,"100":1,"101":1,"103":1,"106":1,"108":2,"114":1,"116":1,"118":1,"123":1,"124":2,"125":2,"126":3,"127":3,"128":3,"129":3,"130":1,"133":3,"134":3,"139":3,"143":1,"144":3,"145":1,"149":1,"150":1,"158":1,"160":1,"161":1,"162":1,"164":1,"166":1,"258":1,"259":1,"271":1,"274":6,"275":6,"277":1,"279":2,"281":1,"283":2,"288":1,"289":1,"291":1,"296":1,"303":1,"306":1,"307":1,"310":1,"311":1,"313":1,"314":1,"315":1,"316":1,"317":1,"318":1,"319":1,"321":1,"322":1,"324":1}},"/home/travis/build/npmtest/node-npmtest-xpath/node_modules/xpath/xpath.js":{"path":"/home/travis/build/npmtest/node-npmtest-xpath/node_modules/xpath/xpath.js","s":{"1":1,"2":1,"3":1,"4":1,"5":1,"6":1,"7":2,"8":1,"9":2,"10":2,"11":0,"12":2,"13":0,"14":2,"15":0,"16":2,"17":0,"18":2,"19":0,"20":2,"21":0,"22":2,"23":0,"24":2,"25":0,"26":2,"27":0,"28":2,"29":0,"30":2,"31":0,"32":2,"33":0,"34":2,"35":0,"36":2,"37":0,"38":2,"39":0,"40":2,"41":0,"42":2,"43":0,"44":0,"45":2,"46":0,"47":0,"48":0,"49":2,"50":0,"51":2,"52":0,"53":0,"54":0,"55":0,"56":0,"57":0,"58":2,"59":0,"60":2,"61":0,"62":2,"63":0,"64":2,"65":0,"66":2,"67":0,"68":2,"69":0,"70":2,"71":0,"72":0,"73":2,"74":0,"75":2,"76":0,"77":0,"78":2,"79":0,"80":2,"81":0,"82":0,"83":2,"84":0,"85":2,"86":0,"87":2,"88":0,"89":2,"90":0,"91":2,"92":0,"93":2,"94":0,"95":0,"96":2,"97":0,"98":0,"99":0,"100":0,"101":0,"102":0,"103":0,"104":0,"105":0,"106":0,"107":0,"108":0,"109":0,"110":0,"111":0,"112":0,"113":0,"114":0,"115":0,"116":0,"117":0,"118":0,"119":0,"120":0,"121":0,"122":0,"123":0,"124":2,"125":0,"126":2,"127":0,"128":0,"129":0,"130":0,"131":0,"132":0,"133":0,"134":0,"135":0,"136":2,"137":0,"138":2,"139":0,"140":2,"141":0,"142":0,"143":0,"144":2,"145":0,"146":0,"147":0,"148":2,"149":0,"150":2,"151":0,"152":2,"153":0,"154":2,"155":0,"156":2,"157":0,"158":0,"159":2,"160":0,"161":1,"162":1,"163":1,"164":1,"165":1,"166":1,"167":1,"168":1,"169":1,"170":1,"171":1,"172":1,"173":1,"174":1,"175":1,"176":1,"177":1,"178":1,"179":1,"180":1,"181":1,"182":1,"183":1,"184":1,"185":1,"186":1,"187":1,"188":1,"189":1,"190":1,"191":1,"192":1,"193":1,"194":1,"195":1,"196":1,"197":1,"198":1,"199":1,"200":1,"201":0,"202":0,"203":0,"204":0,"205":0,"206":0,"207":0,"208":0,"209":0,"210":0,"211":0,"212":0,"213":0,"214":0,"215":0,"216":0,"217":0,"218":0,"219":0,"220":0,"221":0,"222":0,"223":0,"224":0,"225":0,"226":0,"227":0,"228":0,"229":0,"230":0,"231":0,"232":0,"233":0,"234":0,"235":0,"236":0,"237":0,"238":0,"239":0,"240":0,"241":0,"242":0,"243":0,"244":0,"245":0,"246":0,"247":0,"248":0,"249":0,"250":0,"251":0,"252":0,"253":0,"254":0,"255":0,"256":0,"257":0,"258":0,"259":0,"260":0,"261":0,"262":0,"263":0,"264":0,"265":0,"266":0,"267":0,"268":0,"269":0,"270":0,"271":0,"272":0,"273":0,"274":0,"275":0,"276":0,"277":0,"278":0,"279":0,"280":0,"281":0,"282":0,"283":0,"284":0,"285":0,"286":0,"287":0,"288":0,"289":0,"290":0,"291":0,"292":0,"293":0,"294":0,"295":0,"296":0,"297":0,"298":0,"299":0,"300":0,"301":0,"302":0,"303":0,"304":0,"305":0,"306":0,"307":0,"308":0,"309":0,"310":0,"311":0,"312":0,"313":0,"314":0,"315":0,"316":0,"317":0,"318":0,"319":0,"320":0,"321":0,"322":0,"323":0,"324":0,"325":0,"326":0,"327":0,"328":0,"329":0,"330":0,"331":0,"332":0,"333":0,"334":0,"335":0,"336":0,"337":0,"338":0,"339":0,"340":0,"341":0,"342":0,"343":0,"344":0,"345":0,"346":0,"347":0,"348":0,"349":0,"350":0,"351":0,"352":0,"353":0,"354":0,"355":0,"356":0,"357":0,"358":0,"359":0,"360":0,"361":0,"362":0,"363":0,"364":0,"365":0,"366":0,"367":0,"368":0,"369":0,"370":0,"371":0,"372":0,"373":0,"374":0,"375":0,"376":0,"377":0,"378":0,"379":0,"380":0,"381":0,"382":0,"383":0,"384":0,"385":0,"386":0,"387":0,"388":0,"389":0,"390":0,"391":0,"392":0,"393":0,"394":0,"395":0,"396":0,"397":0,"398":0,"399":0,"400":0,"401":0,"402":0,"403":0,"404":0,"405":0,"406":0,"407":0,"408":0,"409":0,"410":0,"411":0,"412":0,"413":0,"414":0,"415":0,"416":0,"417":0,"418":0,"419":0,"420":0,"421":0,"422":0,"423":0,"424":0,"425":0,"426":0,"427":0,"428":0,"429":0,"430":0,"431":0,"432":0,"433":0,"434":0,"435":0,"436":0,"437":0,"438":0,"439":0,"440":0,"441":0,"442":0,"443":1,"444":1,"445":1,"446":1,"447":0,"448":0,"449":0,"450":0,"451":0,"452":0,"453":0,"454":0,"455":0,"456":0,"457":0,"458":0,"459":0,"460":0,"461":0,"462":0,"463":0,"464":0,"465":0,"466":0,"467":0,"468":0,"469":0,"470":0,"471":0,"472":0,"473":0,"474":0,"475":0,"476":0,"477":0,"478":0,"479":0,"480":0,"481":0,"482":0,"483":0,"484":0,"485":0,"486":0,"487":0,"488":0,"489":0,"490":1,"491":1,"492":1,"493":1,"494":0,"495":1,"496":0,"497":1,"498":0,"499":0,"500":0,"501":0,"502":0,"503":0,"504":0,"505":0,"506":0,"507":0,"508":0,"509":0,"510":1,"511":1,"512":1,"513":1,"514":1,"515":1,"516":1,"517":1,"518":0,"519":1,"520":0,"521":1,"522":1,"523":1,"524":1,"525":1,"526":0,"527":1,"528":0,"529":1,"530":1,"531":1,"532":1,"533":0,"534":0,"535":1,"536":0,"537":1,"538":0,"539":1,"540":0,"541":1,"542":1,"543":1,"544":1,"545":14,"546":0,"547":1,"548":0,"549":0,"550":1,"551":1,"552":1,"553":1,"554":0,"555":0,"556":1,"557":0,"558":1,"559":0,"560":1,"561":0,"562":0,"563":0,"564":0,"565":1,"566":1,"567":1,"568":1,"569":0,"570":0,"571":1,"572":0,"573":1,"574":0,"575":1,"576":0,"577":0,"578":0,"579":0,"580":1,"581":1,"582":1,"583":1,"584":0,"585":0,"586":1,"587":0,"588":1,"589":0,"590":1,"591":0,"592":1,"593":1,"594":1,"595":1,"596":0,"597":0,"598":1,"599":0,"600":1,"601":0,"602":1,"603":0,"604":1,"605":1,"606":1,"607":1,"608":0,"609":0,"610":1,"611":0,"612":1,"613":0,"614":1,"615":0,"616":1,"617":1,"618":1,"619":1,"620":0,"621":0,"622":1,"623":0,"624":1,"625":0,"626":1,"627":0,"628":1,"629":1,"630":1,"631":1,"632":0,"633":0,"634":1,"635":0,"636":1,"637":0,"638":1,"639":0,"640":1,"641":1,"642":1,"643":1,"644":0,"645":0,"646":1,"647":0,"648":1,"649":0,"650":1,"651":0,"652":1,"653":1,"654":1,"655":1,"656":0,"657":0,"658":1,"659":0,"660":1,"661":0,"662":1,"663":0,"664":1,"665":1,"666":1,"667":1,"668":0,"669":0,"670":1,"671":0,"672":1,"673":0,"674":1,"675":0,"676":1,"677":1,"678":1,"679":1,"680":0,"681":0,"682":1,"683":0,"684":1,"685":0,"686":1,"687":0,"688":1,"689":1,"690":1,"691":1,"692":0,"693":0,"694":1,"695":0,"696":1,"697":0,"698":1,"699":0,"700":1,"701":1,"702":1,"703":1,"704":0,"705":0,"706":1,"707":0,"708":1,"709":0,"710":1,"711":0,"712":1,"713":1,"714":1,"715":1,"716":0,"717":0,"718":1,"719":0,"720":1,"721":0,"722":1,"723":0,"724":1,"725":1,"726":1,"727":1,"728":0,"729":0,"730":1,"731":0,"732":0,"733":0,"734":0,"735":1,"736":0,"737":0,"738":0,"739":1,"740":0,"741":0,"742":0,"743":0,"744":0,"745":0,"746":0,"747":0,"748":0,"749":0,"750":0,"751":0,"752":0,"753":0,"754":0,"755":0,"756":0,"757":0,"758":0,"759":0,"760":0,"761":0,"762":0,"763":0,"764":0,"765":0,"766":0,"767":0,"768":0,"769":0,"770":0,"771":0,"772":0,"773":0,"774":0,"775":0,"776":0,"777":0,"778":0,"779":0,"780":0,"781":0,"782":0,"783":0,"784":0,"785":0,"786":0,"787":0,"788":0,"789":0,"790":0,"791":0,"792":0,"793":0,"794":0,"795":0,"796":0,"797":0,"798":0,"799":0,"800":0,"801":0,"802":0,"803":0,"804":0,"805":0,"806":0,"807":0,"808":0,"809":0,"810":0,"811":0,"812":0,"813":0,"814":0,"815":0,"816":0,"817":0,"818":0,"819":0,"820":0,"821":0,"822":0,"823":0,"824":0,"825":0,"826":0,"827":0,"828":0,"829":0,"830":0,"831":0,"832":0,"833":0,"834":0,"835":0,"836":0,"837":0,"838":0,"839":0,"840":0,"841":0,"842":0,"843":0,"844":0,"845":0,"846":0,"847":0,"848":0,"849":0,"850":0,"851":0,"852":0,"853":0,"854":0,"855":0,"856":0,"857":0,"858":0,"859":0,"860":0,"861":0,"862":0,"863":0,"864":0,"865":0,"866":0,"867":0,"868":0,"869":0,"870":0,"871":0,"872":0,"873":0,"874":0,"875":0,"876":0,"877":0,"878":0,"879":0,"880":0,"881":0,"882":0,"883":0,"884":0,"885":0,"886":0,"887":0,"888":0,"889":0,"890":0,"891":0,"892":0,"893":0,"894":0,"895":0,"896":0,"897":0,"898":0,"899":0,"900":0,"901":0,"902":0,"903":0,"904":0,"905":0,"906":0,"907":0,"908":0,"909":0,"910":0,"911":0,"912":0,"913":0,"914":0,"915":0,"916":0,"917":0,"918":0,"919":0,"920":0,"921":0,"922":0,"923":0,"924":0,"925":1,"926":0,"927":0,"928":0,"929":0,"930":1,"931":0,"932":0,"933":0,"934":0,"935":0,"936":0,"937":0,"938":0,"939":0,"940":0,"941":0,"942":0,"943":0,"944":1,"945":0,"946":0,"947":0,"948":0,"949":0,"950":0,"951":0,"952":0,"953":0,"954":0,"955":0,"956":0,"957":0,"958":0,"959":0,"960":1,"961":1,"962":1,"963":1,"964":0,"965":0,"966":1,"967":0,"968":0,"969":1,"970":0,"971":0,"972":0,"973":0,"974":0,"975":0,"976":0,"977":0,"978":0,"979":1,"980":1,"981":1,"982":1,"983":0,"984":0,"985":1,"986":0,"987":0,"988":0,"989":1,"990":0,"991":0,"992":0,"993":0,"994":0,"995":0,"996":0,"997":0,"998":0,"999":0,"1000":0,"1001":0,"1002":0,"1003":0,"1004":0,"1005":0,"1006":0,"1007":0,"1008":0,"1009":0,"1010":0,"1011":0,"1012":0,"1013":0,"1014":0,"1015":0,"1016":0,"1017":0,"1018":0,"1019":0,"1020":0,"1021":0,"1022":0,"1023":1,"1024":1,"1025":1,"1026":1,"1027":1,"1028":1,"1029":1,"1030":1,"1031":1,"1032":1,"1033":1,"1034":1,"1035":1,"1036":1,"1037":1,"1038":1,"1039":1,"1040":0,"1041":0,"1042":1,"1043":0,"1044":0,"1045":1,"1046":0,"1047":0,"1048":0,"1049":0,"1050":0,"1051":0,"1052":0,"1053":0,"1054":0,"1055":0,"1056":0,"1057":0,"1058":0,"1059":1,"1060":0,"1061":0,"1062":0,"1063":0,"1064":0,"1065":0,"1066":0,"1067":0,"1068":0,"1069":0,"1070":0,"1071":0,"1072":0,"1073":0,"1074":0,"1075":0,"1076":0,"1077":0,"1078":0,"1079":0,"1080":0,"1081":0,"1082":0,"1083":0,"1084":0,"1085":0,"1086":0,"1087":1,"1088":1,"1089":1,"1090":1,"1091":1,"1092":1,"1093":1,"1094":1,"1095":1,"1096":1,"1097":1,"1098":0,"1099":0,"1100":1,"1101":0,"1102":1,"1103":0,"1104":1,"1105":0,"1106":0,"1107":0,"1108":0,"1109":0,"1110":0,"1111":0,"1112":1,"1113":1,"1114":1,"1115":1,"1116":0,"1117":0,"1118":1,"1119":0,"1120":0,"1121":1,"1122":0,"1123":0,"1124":0,"1125":0,"1126":0,"1127":0,"1128":1,"1129":0,"1130":0,"1131":0,"1132":0,"1133":0,"1134":1,"1135":1,"1136":1,"1137":1,"1138":0,"1139":0,"1140":1,"1141":0,"1142":1,"1143":0,"1144":1,"1145":0,"1146":1,"1147":0,"1148":1,"1149":0,"1150":1,"1151":0,"1152":1,"1153":0,"1154":1,"1155":0,"1156":1,"1157":0,"1158":1,"1159":0,"1160":1,"1161":0,"1162":0,"1163":0,"1164":0,"1165":0,"1166":0,"1167":0,"1168":1,"1169":0,"1170":0,"1171":0,"1172":0,"1173":0,"1174":0,"1175":0,"1176":1,"1177":0,"1178":0,"1179":0,"1180":1,"1181":0,"1182":0,"1183":0,"1184":1,"1185":0,"1186":0,"1187":0,"1188":1,"1189":0,"1190":0,"1191":0,"1192":1,"1193":1,"1194":1,"1195":1,"1196":0,"1197":0,"1198":1,"1199":0,"1200":1,"1201":1,"1202":0,"1203":1,"1204":0,"1205":0,"1206":0,"1207":0,"1208":0,"1209":0,"1210":1,"1211":0,"1212":0,"1213":0,"1214":0,"1215":0,"1216":0,"1217":0,"1218":1,"1219":0,"1220":0,"1221":0,"1222":0,"1223":0,"1224":0,"1225":1,"1226":0,"1227":1,"1228":0,"1229":1,"1230":0,"1231":1,"1232":0,"1233":1,"1234":0,"1235":1,"1236":0,"1237":1,"1238":0,"1239":1,"1240":0,"1241":1,"1242":0,"1243":1,"1244":0,"1245":0,"1246":0,"1247":0,"1248":0,"1249":0,"1250":0,"1251":1,"1252":0,"1253":0,"1254":0,"1255":0,"1256":0,"1257":0,"1258":0,"1259":1,"1260":0,"1261":0,"1262":0,"1263":0,"1264":0,"1265":1,"1266":0,"1267":0,"1268":0,"1269":0,"1270":0,"1271":1,"1272":0,"1273":0,"1274":0,"1275":0,"1276":0,"1277":1,"1278":0,"1279":0,"1280":0,"1281":0,"1282":0,"1283":1,"1284":0,"1285":1,"1286":0,"1287":1,"1288":0,"1289":1,"1290":0,"1291":1,"1292":0,"1293":1,"1294":1,"1295":1,"1296":1,"1297":0,"1298":0,"1299":1,"1300":0,"1301":1,"1302":0,"1303":1,"1304":0,"1305":1,"1306":0,"1307":1,"1308":0,"1309":1,"1310":0,"1311":1,"1312":0,"1313":1,"1314":0,"1315":1,"1316":0,"1317":1,"1318":0,"1319":1,"1320":0,"1321":1,"1322":0,"1323":0,"1324":0,"1325":0,"1326":0,"1327":1,"1328":0,"1329":0,"1330":0,"1331":0,"1332":0,"1333":1,"1334":0,"1335":0,"1336":0,"1337":1,"1338":0,"1339":0,"1340":0,"1341":1,"1342":0,"1343":0,"1344":0,"1345":1,"1346":0,"1347":0,"1348":0,"1349":1,"1350":1,"1351":1,"1352":1,"1353":0,"1354":1,"1355":0,"1356":0,"1357":0,"1358":0,"1359":1,"1360":0,"1361":0,"1362":0,"1363":0,"1364":0,"1365":0,"1366":0,"1367":0,"1368":0,"1369":0,"1370":0,"1371":0,"1372":0,"1373":0,"1374":1,"1375":0,"1376":0,"1377":0,"1378":0,"1379":0,"1380":0,"1381":0,"1382":0,"1383":0,"1384":0,"1385":1,"1386":0,"1387":0,"1388":0,"1389":0,"1390":0,"1391":0,"1392":0,"1393":0,"1394":0,"1395":0,"1396":1,"1397":0,"1398":1,"1399":0,"1400":0,"1401":0,"1402":0,"1403":0,"1404":1,"1405":0,"1406":0,"1407":0,"1408":0,"1409":0,"1410":0,"1411":0,"1412":0,"1413":0,"1414":0,"1415":0,"1416":0,"1417":0,"1418":0,"1419":0,"1420":0,"1421":0,"1422":0,"1423":0,"1424":0,"1425":0,"1426":0,"1427":0,"1428":0,"1429":0,"1430":0,"1431":0,"1432":0,"1433":0,"1434":0,"1435":0,"1436":0,"1437":0,"1438":0,"1439":0,"1440":0,"1441":0,"1442":0,"1443":0,"1444":0,"1445":0,"1446":0,"1447":0,"1448":0,"1449":0,"1450":0,"1451":0,"1452":0,"1453":0,"1454":1,"1455":0,"1456":0,"1457":0,"1458":0,"1459":0,"1460":0,"1461":0,"1462":0,"1463":0,"1464":0,"1465":0,"1466":0,"1467":0,"1468":0,"1469":0,"1470":0,"1471":0,"1472":0,"1473":0,"1474":0,"1475":0,"1476":1,"1477":1,"1478":1,"1479":1,"1480":0,"1481":1,"1482":0,"1483":0,"1484":0,"1485":1,"1486":0,"1487":0,"1488":0,"1489":0,"1490":1,"1491":0,"1492":1,"1493":0,"1494":1,"1495":0,"1496":1,"1497":0,"1498":1,"1499":0,"1500":1,"1501":0,"1502":1,"1503":0,"1504":1,"1505":0,"1506":1,"1507":0,"1508":0,"1509":0,"1510":0,"1511":0,"1512":0,"1513":0,"1514":1,"1515":0,"1516":0,"1517":0,"1518":0,"1519":0,"1520":0,"1521":1,"1522":0,"1523":0,"1524":0,"1525":0,"1526":0,"1527":1,"1528":0,"1529":0,"1530":0,"1531":0,"1532":0,"1533":0,"1534":1,"1535":0,"1536":0,"1537":0,"1538":0,"1539":0,"1540":0,"1541":1,"1542":0,"1543":0,"1544":1,"1545":0,"1546":0,"1547":0,"1548":1,"1549":0,"1550":0,"1551":0,"1552":0,"1553":1,"1554":0,"1555":1,"1556":0,"1557":0,"1558":0,"1559":0,"1560":0,"1561":0,"1562":0,"1563":0,"1564":1,"1565":0,"1566":0,"1567":0,"1568":0,"1569":0,"1570":0,"1571":0,"1572":0,"1573":1,"1574":0,"1575":1,"1576":0,"1577":0,"1578":0,"1579":0,"1580":0,"1581":0,"1582":0,"1583":0,"1584":0,"1585":1,"1586":0,"1587":0,"1588":0,"1589":0,"1590":0,"1591":0,"1592":0,"1593":1,"1594":0,"1595":0,"1596":0,"1597":0,"1598":0,"1599":0,"1600":0,"1601":1,"1602":0,"1603":0,"1604":0,"1605":0,"1606":0,"1607":0,"1608":0,"1609":1,"1610":0,"1611":0,"1612":0,"1613":0,"1614":0,"1615":0,"1616":0,"1617":1,"1618":0,"1619":0,"1620":0,"1621":0,"1622":0,"1623":0,"1624":0,"1625":1,"1626":0,"1627":0,"1628":0,"1629":0,"1630":0,"1631":0,"1632":0,"1633":1,"1634":0,"1635":0,"1636":0,"1637":0,"1638":1,"1639":1,"1640":1,"1641":1,"1642":0,"1643":0,"1644":0,"1645":0,"1646":0,"1647":0,"1648":0,"1649":0,"1650":0,"1651":1,"1652":0,"1653":1,"1654":1,"1655":0,"1656":1,"1657":0,"1658":1,"1659":0,"1660":1,"1661":0,"1662":1,"1663":0,"1664":1,"1665":0,"1666":1,"1667":1,"1668":1,"1669":1,"1670":0,"1671":0,"1672":0,"1673":1,"1674":1,"1675":1,"1676":1,"1677":1,"1678":0,"1679":1,"1680":1,"1681":1,"1682":1,"1683":1,"1684":1,"1685":1,"1686":1,"1687":1,"1688":1,"1689":1,"1690":1,"1691":1,"1692":1,"1693":1,"1694":1,"1695":1,"1696":1,"1697":1,"1698":1,"1699":1,"1700":1,"1701":1,"1702":1,"1703":1,"1704":1,"1705":1,"1706":1,"1707":1,"1708":1,"1709":1,"1710":1,"1711":1,"1712":1,"1713":1,"1714":1,"1715":0,"1716":1,"1717":0,"1718":0,"1719":0,"1720":0,"1721":1,"1722":0,"1723":1,"1724":1,"1725":1,"1726":1,"1727":1,"1728":0,"1729":0,"1730":0,"1731":0,"1732":0,"1733":0,"1734":0,"1735":0,"1736":0,"1737":0,"1738":0,"1739":0,"1740":0,"1741":0,"1742":0,"1743":0,"1744":0,"1745":0,"1746":0,"1747":1,"1748":1,"1749":0,"1750":0,"1751":0,"1752":0,"1753":1,"1754":0,"1755":0,"1756":0,"1757":0,"1758":1,"1759":0,"1760":0,"1761":0,"1762":0,"1763":0,"1764":1,"1765":0,"1766":0,"1767":0,"1768":0,"1769":0,"1770":0,"1771":0,"1772":0,"1773":0,"1774":0,"1775":0,"1776":0,"1777":0,"1778":0,"1779":0,"1780":0,"1781":0,"1782":0,"1783":0,"1784":0,"1785":0,"1786":1,"1787":0,"1788":0,"1789":0,"1790":0,"1791":0,"1792":0,"1793":0,"1794":0,"1795":0,"1796":0,"1797":1,"1798":0,"1799":0,"1800":0,"1801":0,"1802":0,"1803":0,"1804":0,"1805":0,"1806":0,"1807":0,"1808":1,"1809":0,"1810":0,"1811":0,"1812":0,"1813":0,"1814":0,"1815":0,"1816":0,"1817":0,"1818":0,"1819":0,"1820":0,"1821":0,"1822":0,"1823":0,"1824":0,"1825":0,"1826":0,"1827":1,"1828":0,"1829":0,"1830":0,"1831":0,"1832":0,"1833":0,"1834":1,"1835":0,"1836":0,"1837":0,"1838":0,"1839":0,"1840":0,"1841":0,"1842":1,"1843":0,"1844":0,"1845":0,"1846":0,"1847":0,"1848":0,"1849":1,"1850":0,"1851":0,"1852":0,"1853":0,"1854":0,"1855":0,"1856":1,"1857":0,"1858":0,"1859":0,"1860":0,"1861":0,"1862":0,"1863":1,"1864":0,"1865":0,"1866":0,"1867":0,"1868":0,"1869":0,"1870":0,"1871":0,"1872":0,"1873":0,"1874":0,"1875":1,"1876":0,"1877":0,"1878":0,"1879":0,"1880":0,"1881":0,"1882":0,"1883":1,"1884":0,"1885":0,"1886":0,"1887":0,"1888":0,"1889":0,"1890":0,"1891":0,"1892":1,"1893":0,"1894":0,"1895":0,"1896":0,"1897":0,"1898":0,"1899":0,"1900":0,"1901":0,"1902":0,"1903":0,"1904":0,"1905":0,"1906":0,"1907":0,"1908":0,"1909":0,"1910":0,"1911":0,"1912":0,"1913":0,"1914":0,"1915":1,"1916":0,"1917":0,"1918":0,"1919":0,"1920":0,"1921":0,"1922":0,"1923":0,"1924":0,"1925":0,"1926":0,"1927":0,"1928":0,"1929":0,"1930":0,"1931":0,"1932":0,"1933":0,"1934":0,"1935":0,"1936":1,"1937":0,"1938":0,"1939":0,"1940":0,"1941":1,"1942":0,"1943":0,"1944":0,"1945":0,"1946":1,"1947":0,"1948":0,"1949":0,"1950":1,"1951":0,"1952":0,"1953":0,"1954":1,"1955":0,"1956":0,"1957":0,"1958":0,"1959":0,"1960":0,"1961":0,"1962":0,"1963":0,"1964":0,"1965":0,"1966":0,"1967":0,"1968":1,"1969":0,"1970":0,"1971":0,"1972":0,"1973":0,"1974":0,"1975":1,"1976":0,"1977":0,"1978":0,"1979":0,"1980":0,"1981":0,"1982":0,"1983":0,"1984":0,"1985":1,"1986":0,"1987":0,"1988":0,"1989":0,"1990":1,"1991":0,"1992":0,"1993":0,"1994":0,"1995":1,"1996":0,"1997":0,"1998":0,"1999":0,"2000":1,"2001":1,"2002":0,"2003":1,"2004":0,"2005":0,"2006":0,"2007":0,"2008":1,"2009":0,"2010":0,"2011":0,"2012":0,"2013":0,"2014":0,"2015":0,"2016":0,"2017":0,"2018":1,"2019":0,"2020":1,"2021":0,"2022":1,"2023":0,"2024":1,"2025":0,"2026":0,"2027":0,"2028":0,"2029":0,"2030":0,"2031":0,"2032":0,"2033":0,"2034":0,"2035":0,"2036":0,"2037":0,"2038":0,"2039":0,"2040":0,"2041":0,"2042":0,"2043":0,"2044":0,"2045":0,"2046":0,"2047":0,"2048":1,"2049":0,"2050":0,"2051":0,"2052":0,"2053":0,"2054":0,"2055":0,"2056":1,"2057":0,"2058":0,"2059":0,"2060":0,"2061":0,"2062":0,"2063":0,"2064":0,"2065":1,"2066":1,"2067":0,"2068":0,"2069":0,"2070":0,"2071":0,"2072":1,"2073":0,"2074":0,"2075":0,"2076":0,"2077":1,"2078":1,"2079":1,"2080":1,"2081":0,"2082":1,"2083":0,"2084":1,"2085":1,"2086":1,"2087":1,"2088":1,"2089":1,"2090":1,"2091":0,"2092":0,"2093":0,"2094":1,"2095":0,"2096":0,"2097":0,"2098":1,"2099":1,"2100":1,"2101":1,"2102":0,"2103":1,"2104":0,"2105":0,"2106":0,"2107":1,"2108":1,"2109":1,"2110":1,"2111":0,"2112":0,"2113":1,"2114":0,"2115":1,"2116":1,"2117":1,"2118":1,"2119":0,"2120":0,"2121":0,"2122":0,"2123":0,"2124":0,"2125":0,"2126":0,"2127":0,"2128":0,"2129":0,"2130":0,"2131":0,"2132":0,"2133":0,"2134":0,"2135":0,"2136":0,"2137":0,"2138":0,"2139":0,"2140":0,"2141":0,"2142":0,"2143":0,"2144":0,"2145":0,"2146":0,"2147":0,"2148":0,"2149":0,"2150":0,"2151":0,"2152":1,"2153":0,"2154":0,"2155":0,"2156":1,"2157":0,"2158":0,"2159":0,"2160":1,"2161":1,"2162":1,"2163":1,"2164":1,"2165":1,"2166":1,"2167":1,"2168":1,"2169":1,"2170":1,"2171":1,"2172":0,"2173":0,"2174":0,"2175":1,"2176":0,"2177":1,"2178":0,"2179":0,"2180":0,"2181":0,"2182":1,"2183":1,"2184":1,"2185":1,"2186":0,"2187":1,"2188":1,"2189":1,"2190":1,"2191":1,"2192":1,"2193":1,"2194":1,"2195":1,"2196":0,"2197":0,"2198":0,"2199":1,"2200":0,"2201":1,"2202":0,"2203":0,"2204":1,"2205":0,"2206":0,"2207":0,"2208":0,"2209":0,"2210":0,"2211":0,"2212":1,"2213":0,"2214":0,"2215":0,"2216":0,"2217":0,"2218":0,"2219":0,"2220":0,"2221":0,"2222":1,"2223":0,"2224":0,"2225":0,"2226":0,"2227":0,"2228":1,"2229":0,"2230":0,"2231":0,"2232":0,"2233":0,"2234":1,"2235":0,"2236":1,"2237":0,"2238":0,"2239":1,"2240":0,"2241":0,"2242":0,"2243":0,"2244":0,"2245":0,"2246":0,"2247":1,"2248":0,"2249":0,"2250":0,"2251":1,"2252":0,"2253":0,"2254":0,"2255":0,"2256":0,"2257":0,"2258":0,"2259":0,"2260":0,"2261":1,"2262":0,"2263":0,"2264":0,"2265":0,"2266":0,"2267":0,"2268":0,"2269":0,"2270":1,"2271":0,"2272":0,"2273":1,"2274":0,"2275":0,"2276":0,"2277":0,"2278":0,"2279":0,"2280":0,"2281":1,"2282":0,"2283":0,"2284":1,"2285":1,"2286":1,"2287":1,"2288":1,"2289":1,"2290":1,"2291":1,"2292":1,"2293":1,"2294":1,"2295":1,"2296":1,"2297":1,"2298":1,"2299":1,"2300":1,"2301":0,"2302":1,"2303":0,"2304":0,"2305":0,"2306":0,"2307":1,"2308":0,"2309":0,"2310":0,"2311":0,"2312":0,"2313":0,"2314":0,"2315":0,"2316":0,"2317":0,"2318":0,"2319":0,"2320":0,"2321":1,"2322":0},"b":{"1":[0,1],"2":[0,0],"3":[0,0],"4":[0,0],"5":[0,0],"6":[0,0],"7":[0,0],"8":[0,0],"9":[0,0],"10":[0,0],"11":[0,0],"12":[0,0],"13":[0,0],"14":[0,0],"15":[0,0],"16":[0,0],"17":[0,0],"18":[0,0],"19":[0,0],"20":[0,0],"21":[0,0,0,0],"22":[0,0],"23":[0,0],"24":[0,0],"25":[0,0],"26":[0,0],"27":[0,0],"28":[0,0],"29":[0,0],"30":[0,0],"31":[0,0],"32":[0,0],"33":[0,0],"34":[0,0],"35":[0,0],"36":[0,0],"37":[0,0],"38":[0,0],"39":[0,0],"40":[0,0],"41":[0,0],"42":[0,0],"43":[0,0],"44":[0,0],"45":[0,0],"46":[0,0],"47":[0,0],"48":[0,0],"49":[0,0],"50":[0,0],"51":[0,0],"52":[0,0],"53":[0,0],"54":[0,0,0,0,0,0,0,0,0,0,0,0,0,0,0,0,0,0,0,0],"55":[0,0],"56":[0,0],"57":[0,0],"58":[0,0],"59":[0,0],"60":[0,0],"61":[0,0],"62":[0,0],"63":[0,0],"64":[0,0],"65":[0,0],"66":[0,0],"67":[0,0],"68":[0,0],"69":[0,0,0,0,0,0,0,0,0,0,0,0,0,0,0,0,0,0,0,0],"70":[0,0],"71":[0,0],"72":[0,0],"73":[0,0],"74":[0,0],"75":[0,0],"76":[0,0],"77":[0,0],"78":[0,0],"79":[0,0],"80":[0,0],"81":[0,0],"82":[0,0,0],"83":[0,0],"84":[0,0],"85":[0,0],"86":[0,0,0,0],"87":[0,0],"88":[0,0],"89":[0,0],"90":[0,1],"91":[0,0],"92":[0,14],"93":[0,0],"94":[0,0],"95":[0,0],"96":[0,0],"97":[0,0],"98":[0,0],"99":[0,0],"100":[0,0],"101":[0,0],"102":[0,0],"103":[0,0],"104":[0,0],"105":[0,0],"106":[0,0],"107":[0,0],"108":[0,0],"109":[0,0],"110":[0,0],"111":[0,0],"112":[0,0],"113":[0,0],"114":[0,0,0],"115":[0,0],"116":[0,0],"117":[0,0],"118":[0,0],"119":[0,0],"120":[0,0],"121":[0,0],"122":[0,0,0,0,0,0,0,0,0,0,0,0,0,0],"123":[0,0],"124":[0,0],"125":[0,0],"126":[0,0],"127":[0,0],"128":[0,0],"129":[0,0],"130":[0,0],"131":[0,0],"132":[0,0],"133":[0,0],"134":[0,0],"135":[0,0],"136":[0,0],"137":[0,0],"138":[0,0],"139":[0,0],"140":[0,0,0],"141":[0,0],"142":[0,0],"143":[0,0],"144":[0,0],"145":[0,0],"146":[0,0],"147":[0,0],"148":[0,0],"149":[0,0],"150":[0,0],"151":[0,0],"152":[0,0],"153":[0,0],"154":[0,0],"155":[0,0],"156":[0,0],"157":[0,0],"158":[0,0],"159":[0,0],"160":[0,0],"161":[0,0],"162":[0,0],"163":[0,0],"164":[0,0],"165":[0,0],"166":[0,0],"167":[0,0],"168":[0,0],"169":[0,0],"170":[0,0],"171":[0,0],"172":[0,0],"173":[0,0],"174":[0,0],"175":[0,0],"176":[0,0],"177":[0,0],"178":[0,0],"179":[0,0,0,0,0,0,0,0,0,0,0,0,0],"180":[0,0],"181":[0,0,0,0,0,0,0,0,0],"182":[0,0],"183":[0,0,0,0,0,0,0],"184":[0,0],"185":[0,0,0],"186":[0,0],"187":[0,0],"188":[0,0],"189":[0,0],"190":[0,0],"191":[0,0,0],"192":[0,0],"193":[0,0],"194":[0,0],"195":[0,0],"196":[0,0],"197":[0,0],"198":[0,0],"199":[0,0],"200":[0,0],"201":[0,0,0],"202":[0,0,0,0,0,0,0],"203":[0,0],"204":[0,0],"205":[0,0],"206":[0,0],"207":[0,0],"208":[0,0],"209":[0,0],"210":[0,0],"211":[0,0],"212":[0,0],"213":[0,0],"214":[0,0],"215":[0,0],"216":[0,0],"217":[0,0],"218":[0,0],"219":[0,0],"220":[0,0],"221":[0,0],"222":[0,0],"223":[0,0],"224":[0,0],"225":[0,0],"226":[0,0],"227":[0,0],"228":[0,0],"229":[0,0],"230":[0,0],"231":[0,0],"232":[0,0],"233":[0,0],"234":[0,0],"235":[0,0],"236":[0,0],"237":[0,0],"238":[0,0],"239":[0,0],"240":[0,0],"241":[0,0],"242":[0,0],"243":[0,0],"244":[0,0],"245":[0,0],"246":[0,0],"247":[0,0],"248":[0,0],"249":[0,0],"250":[0,0],"251":[0,0],"252":[0,0],"253":[0,0],"254":[0,0],"255":[0,0],"256":[0,0],"257":[0,0],"258":[0,0],"259":[0,0],"260":[0,0],"261":[0,0],"262":[0,0],"263":[0,0],"264":[0,0],"265":[0,0],"266":[0,0],"267":[0,0],"268":[0,0],"269":[0,0],"270":[0,0],"271":[0,0],"272":[0,0],"273":[0,0],"274":[0,0],"275":[0,0],"276":[0,0],"277":[0,0],"278":[0,0],"279":[0,0],"280":[0,0],"281":[0,0],"282":[0,0],"283":[0,0],"284":[0,0],"285":[0,0],"286":[0,0],"287":[0,0],"288":[0,0],"289":[0,0],"290":[0,0],"291":[0,0],"292":[0,0],"293":[0,0],"294":[0,0],"295":[0,0],"296":[0,0],"297":[0,0],"298":[0,0],"299":[0,0],"300":[0,0],"301":[0,0],"302":[0,0],"303":[0,0,0],"304":[0,0],"305":[0,0],"306":[0,0],"307":[0,0],"308":[0,0,0,0,0],"309":[0,0],"310":[0,0],"311":[0,0],"312":[0,0],"313":[0,0],"314":[0,0],"315":[0,0],"316":[0,0],"317":[0,0],"318":[0,0],"319":[0,0],"320":[0,0],"321":[0,0],"322":[0,0],"323":[0,0],"324":[0,0],"325":[0,0],"326":[0,0],"327":[0,0],"328":[0,0],"329":[0,0],"330":[0,0],"331":[0,0],"332":[0,0],"333":[0,0],"334":[0,0],"335":[0,0],"336":[0,0],"337":[0,0],"338":[0,1],"339":[0,0],"340":[0,0],"341":[0,0],"342":[0,0],"343":[0,0],"344":[0,0],"345":[0,0],"346":[0,0],"347":[0,0],"348":[0,0,0],"349":[0,0],"350":[0,0],"351":[0,0],"352":[0,0],"353":[0,0],"354":[0,0],"355":[0,0],"356":[0,0],"357":[0,0],"358":[0,0],"359":[0,0],"360":[0,0],"361":[0,0],"362":[0,0,0,0,0],"363":[0,0],"364":[0,0],"365":[0,0],"366":[0,0],"367":[0,0],"368":[0,0],"369":[0,0],"370":[0,0],"371":[0,0],"372":[0,0],"373":[0,0],"374":[0,0],"375":[0,0],"376":[0,0],"377":[0,0],"378":[0,0],"379":[0,0],"380":[0,0],"381":[0,0],"382":[0,0],"383":[0,0],"384":[0,0],"385":[0,0],"386":[0,0],"387":[0,0],"388":[0,0],"389":[0,0],"390":[0,0],"391":[0,0],"392":[0,0],"393":[0,0],"394":[0,0],"395":[0,0],"396":[0,0],"397":[0,0],"398":[0,0],"399":[0,0],"400":[0,0],"401":[0,0],"402":[0,0],"403":[0,0],"404":[0,0],"405":[0,0],"406":[0,0,0],"407":[0,0],"408":[0,0],"409":[0,0],"410":[0,0],"411":[0,0],"412":[0,0],"413":[0,0],"414":[0,0],"415":[0,0,0],"416":[0,0],"417":[0,0],"418":[0,0],"419":[0,0],"420":[0,0,0,0],"421":[0,0,0,0,0,0,0,0,0,0,0,0,0,0,0,0,0,0,0,0,0,0,0,0,0,0,0,0,0,0,0,0,0,0,0,0,0,0,0,0,0,0,0,0,0,0,0,0,0,0,0,0,0,0,0,0,0,0,0,0,0,0,0,0,0,0,0,0,0,0,0,0,0,0,0,0,0,0,0,0,0,0,0,0,0,0,0,0,0,0,0,0,0,0,0,0,0,0,0,0,0,0,0,0,0,0,0,0,0,0,0,0,0,0,0,0,0,0,0,0,0,0,0,0,0,0,0,0,0,0,0,0,0,0,0,0,0,0,0,0,0,0,0,0,0,0,0,0,0,0,0,0,0,0,0,0,0,0,0,0,0,0,0,0,0,0,0,0,0,0,0,0,0,0,0,0,0,0,0,0,0,0,0,0,0,0,0,0,0,0,0,0,0,0,0,0,0,0,0,0,0,0,0,0,0,0,0,0,0,0,0,0,0,0,0,0,0,0,0,0,0,0,0,0,0,0,0,0,0,0,0,0,0,0,0,0,0,0,0,0,0,0,0,0,0,0,0,0,0,0,0,0,0,0,0,0,0,0,0,0,0,0,0,0,0,0,0,0,0,0,0,0,0,0,0,0,0,0,0,0,0,0,0,0,0,0,0,0,0,0,0,0,0,0,0,0,0,0,0,0,0,0,0,0,0,0,0,0,0,0,0,0,0,0,0,0,0,0,0,0,0,0,0,0,0,0,0,0,0,0,0,0,0,0,0,0,0,0,0,0,0,0,0,0,0,0,0,0,0,0,0,0,0,0,0,0,0],"422":[0,0,0,0,0,0,0,0,0,0,0,0,0,0,0,0,0,0,0,0,0,0,0,0,0,0,0,0,0,0,0,0,0,0,0,0,0,0,0,0,0,0,0,0,0,0,0,0,0,0,0,0,0,0,0,0,0,0,0,0,0,0,0,0,0,0,0,0,0,0,0,0,0,0,0,0,0,0,0,0,0,0,0,0,0,0,0,0,0,0,0,0,0,0,0,0,0,0,0,0,0,0,0,0,0,0,0,0,0,0,0,0,0,0,0,0,0,0,0,0,0,0,0,0,0,0,0,0,0,0,0,0,0,0,0,0,0,0,0,0,0,0,0,0,0,0,0,0,0,0,0,0,0,0,0,0,0,0,0,0,0,0,0,0,0,0,0,0,0,0,0,0,0,0,0,0,0,0,0,0,0,0,0,0,0,0,0,0,0,0,0,0,0,0,0,0,0,0,0,0,0,0,0,0,0,0,0,0,0],"423":[0,0],"424":[0,0],"425":[0,0,0],"426":[0,0],"427":[0,0],"428":[0,0],"429":[0,0],"430":[0,0],"431":[0,0],"432":[0,0],"433":[0,0],"434":[0,0],"435":[0,0],"436":[0,0],"437":[0,0],"438":[0,0],"439":[0,0],"440":[0,0],"441":[0,0],"442":[0,0],"443":[0,0],"444":[0,0],"445":[0,0,0,0,0,0,0,0,0],"446":[0,0],"447":[0,0],"448":[0,0],"449":[0,0],"450":[0,0],"451":[0,0],"452":[0,0],"453":[0,0],"454":[0,0],"455":[0,0],"456":[1,0,0],"457":[1,0],"458":[0,0],"459":[0,0],"460":[0,0],"461":[0,0],"462":[0,0],"463":[0,0],"464":[0,0,0,0,0,0],"465":[0,0,0],"466":[0,0],"467":[0,0],"468":[0,0],"469":[0,0],"470":[0,0],"471":[0,0],"472":[0,0],"473":[0,0],"474":[0,0],"475":[0,0],"476":[0,0],"477":[0,0],"478":[0,0],"479":[0,0],"480":[0,0]},"f":{"1":1,"2":2,"3":2,"4":0,"5":0,"6":0,"7":0,"8":0,"9":0,"10":0,"11":0,"12":0,"13":0,"14":0,"15":0,"16":0,"17":0,"18":0,"19":0,"20":0,"21":0,"22":0,"23":0,"24":0,"25":0,"26":0,"27":0,"28":0,"29":0,"30":0,"31":0,"32":0,"33":0,"34":0,"35":0,"36":0,"37":0,"38":0,"39":0,"40":0,"41":0,"42":0,"43":0,"44":0,"45":0,"46":0,"47":0,"48":0,"49":0,"50":0,"51":0,"52":0,"53":0,"54":0,"55":0,"56":0,"57":0,"58":0,"59":9,"60":0,"61":0,"62":0,"63":1,"64":0,"65":0,"66":0,"67":0,"68":0,"69":14,"70":0,"71":0,"72":0,"73":0,"74":0,"75":0,"76":0,"77":0,"78":0,"79":0,"80":0,"81":0,"82":0,"83":0,"84":0,"85":0,"86":0,"87":0,"88":0,"89":0,"90":0,"91":0,"92":0,"93":0,"94":0,"95":0,"96":0,"97":0,"98":0,"99":0,"100":0,"101":0,"102":0,"103":0,"104":0,"105":0,"106":0,"107":0,"108":0,"109":0,"110":0,"111":0,"112":0,"113":0,"114":0,"115":0,"116":0,"117":0,"118":0,"119":0,"120":0,"121":0,"122":0,"123":0,"124":0,"125":0,"126":0,"127":0,"128":0,"129":0,"130":0,"131":0,"132":0,"133":0,"134":0,"135":0,"136":0,"137":0,"138":0,"139":0,"140":0,"141":0,"142":0,"143":0,"144":0,"145":0,"146":0,"147":0,"148":0,"149":0,"150":0,"151":0,"152":0,"153":0,"154":0,"155":0,"156":0,"157":0,"158":0,"159":0,"160":0,"161":0,"162":0,"163":0,"164":0,"165":0,"166":0,"167":0,"168":0,"169":0,"170":0,"171":0,"172":0,"173":0,"174":0,"175":0,"176":0,"177":0,"178":0,"179":0,"180":0,"181":0,"182":0,"183":0,"184":0,"185":0,"186":0,"187":0,"188":0,"189":0,"190":0,"191":0,"192":0,"193":0,"194":0,"195":0,"196":0,"197":0,"198":0,"199":0,"200":0,"201":0,"202":0,"203":0,"204":0,"205":0,"206":0,"207":0,"208":0,"209":0,"210":0,"211":0,"212":0,"213":0,"214":0,"215":0,"216":0,"217":0,"218":0,"219":0,"220":0,"221":0,"222":0,"223":0,"224":0,"225":0,"226":0,"227":0,"228":0,"229":0,"230":0,"231":0,"232":0,"233":0,"234":0,"235":0,"236":0,"237":0,"238":0,"239":0,"240":0,"241":0,"242":0,"243":0,"244":0,"245":0,"246":0,"247":0,"248":0,"249":0,"250":0,"251":0,"252":0,"253":0,"254":0,"255":0,"256":0,"257":0,"258":0,"259":0,"260":0,"261":0,"262":0,"263":1,"264":0,"265":1,"266":1,"267":0,"268":0,"269":0,"270":1,"271":0,"272":0,"273":0,"274":0,"275":0,"276":0,"277":0,"278":0,"279":0,"280":0,"281":0,"282":0,"283":0,"284":0,"285":0,"286":0,"287":0,"288":0,"289":0,"290":0,"291":0,"292":0,"293":0,"294":0,"295":0,"296":0,"297":0,"298":0,"299":0,"300":0,"301":0,"302":0,"303":0,"304":0,"305":0,"306":0,"307":0,"308":1,"309":0,"310":0,"311":0,"312":0,"313":0,"314":0,"315":0,"316":0,"317":0,"318":0,"319":0,"320":0,"321":0,"322":1,"323":0,"324":0,"325":0,"326":0,"327":1,"328":0,"329":0,"330":0,"331":0,"332":0,"333":0,"334":0,"335":0,"336":0,"337":0,"338":0,"339":0,"340":0,"341":0,"342":0,"343":0,"344":0,"345":0,"346":0,"347":0,"348":0,"349":0,"350":0,"351":0,"352":0,"353":0,"354":0,"355":0,"356":0,"357":0,"358":0,"359":0,"360":0,"361":0,"362":0,"363":0},"fnMap":{"1":{"name":"(anonymous_1)","line":107,"loc":{"start":{"line":107,"column":1},"end":{"line":107,"column":19}}},"2":{"name":"XPathParser","line":116,"loc":{"start":{"line":116,"column":0},"end":{"line":116,"column":23}}},"3":{"name":"(anonymous_3)","line":1
[...]
204":0,"206":2,"207":0,"209":2,"210":0,"212":2,"213":0,"214":0,"216":2,"217":0,"219":2,"220":0,"221":0,"223":2,"224":0,"226":2,"227":0,"228":0,"230":2,"231":0,"233":2,"234":0,"236":2,"237":0,"239":2,"240":0,"242":2,"243":0,"245":2,"246":0,"247":0,"249":2,"250":0,"251":0,"252":0,"253":0,"254":0,"255":0,"256":0,"257":0,"258":0,"259":0,"260":0,"261":0,"262":0,"263":0,"264":0,"265":0,"266":0,"267":0,"268":0,"269":0,"270":0,"271":0,"272":0,"273":0,"274":0,"275":0,"277":0,"279":2,"280":0,"282":2,"283":0,"284":0,"285":0,"286":0,"287":0,"288":0,"289":0,"290":0,"292":0,"294":2,"295":0,"297":2,"298":0,"300":2,"301":0,"302":0,"303":0,"305":2,"306":0,"307":0,"308":0,"310":2,"311":0,"313":2,"314":0,"316":2,"317":0,"319":2,"320":0,"322":2,"323":0,"324":0,"326":2,"327":0,"331":1,"442":1,"553":1,"664":1,"738":1,"739":1,"740":1,"741":1,"742":1,"743":1,"744":1,"745":1,"746":1,"747":1,"748":1,"749":1,"750":1,"751":1,"752":1,"753":1,"754":1,"755":1,"756":1,"757":1,"758":1,"759":1,"760":1,"761":1,"762":1,"763":1,"764":1,"765":1,"766":1,"767":1,"768":1,"769":1,"770":1,"771":1,"772":1,"774":1,"775":0,"776":0,"777":0,"779":0,"780":0,"781":0,"782":0,"783":0,"785":0,"786":0,"789":0,"790":0,"791":0,"792":0,"793":0,"795":0,"796":0,"797":0,"798":0,"799":0,"801":0,"802":0,"803":0,"804":0,"805":0,"807":0,"808":0,"809":0,"810":0,"811":0,"813":0,"814":0,"815":0,"816":0,"817":0,"819":0,"820":0,"821":0,"822":0,"823":0,"825":0,"826":0,"827":0,"828":0,"829":0,"831":0,"832":0,"833":0,"834":0,"835":0,"837":0,"838":0,"839":0,"840":0,"841":0,"843":0,"844":0,"845":0,"846":0,"847":0,"849":0,"850":0,"851":0,"852":0,"853":0,"856":0,"857":0,"858":0,"859":0,"860":0,"861":0,"862":0,"864":0,"865":0,"866":0,"867":0,"868":0,"869":0,"871":0,"872":0,"873":0,"875":0,"876":0,"877":0,"880":0,"881":0,"882":0,"883":0,"884":0,"885":0,"887":0,"888":0,"890":0,"891":0,"892":0,"893":0,"894":0,"897":0,"898":0,"899":0,"900":0,"901":0,"902":0,"904":0,"905":0,"906":0,"907":0,"908":0,"909":0,"910":0,"911":0,"915":0,"916":0,"917":0,"920":0,"921":0,"922":0,"923":0,"943":0,"944":0,"945":0,"946":0,"949":0,"950":0,"951":0,"952":0,"955":0,"956":0,"957":0,"958":0,"959":0,"960":0,"961":0,"965":0,"966":0,"967":0,"968":0,"969":0,"970":0,"971":0,"973":0,"974":0,"975":0,"978":0,"979":0,"980":0,"981":0,"982":0,"983":0,"984":0,"988":0,"989":0,"990":0,"991":0,"992":0,"993":0,"994":0,"996":0,"997":0,"998":0,"999":0,"1002":0,"1003":0,"1004":0,"1005":0,"1006":0,"1007":0,"1008":0,"1010":0,"1011":0,"1012":0,"1013":0,"1016":0,"1017":0,"1018":0,"1019":0,"1020":0,"1021":0,"1023":0,"1024":0,"1025":0,"1045":0,"1046":0,"1047":0,"1048":0,"1050":0,"1051":0,"1052":0,"1053":0,"1055":0,"1056":0,"1057":0,"1058":0,"1060":0,"1061":0,"1062":0,"1063":0,"1067":0,"1068":0,"1069":0,"1070":0,"1071":0,"1072":0,"1073":0,"1075":0,"1076":0,"1077":0,"1078":0,"1079":0,"1080":0,"1082":0,"1083":0,"1084":0,"1085":0,"1087":0,"1088":0,"1089":0,"1091":0,"1092":0,"1093":0,"1094":0,"1097":0,"1098":0,"1099":0,"1100":0,"1101":0,"1103":0,"1104":0,"1105":0,"1107":0,"1109":0,"1110":0,"1112":0,"1113":0,"1114":0,"1116":0,"1117":0,"1118":0,"1121":0,"1123":0,"1124":0,"1125":0,"1128":1,"1129":1,"1130":1,"1132":1,"1133":0,"1134":0,"1135":0,"1136":0,"1137":0,"1139":0,"1140":0,"1141":0,"1142":0,"1143":0,"1144":0,"1145":0,"1146":0,"1147":0,"1149":0,"1150":0,"1151":0,"1153":0,"1154":0,"1155":0,"1156":0,"1157":0,"1159":0,"1160":0,"1161":0,"1162":0,"1163":0,"1164":0,"1166":0,"1167":0,"1168":0,"1169":0,"1170":0,"1171":0,"1173":0,"1174":0,"1175":0,"1176":0,"1178":0,"1180":0,"1181":0,"1183":0,"1185":0,"1192":1,"1193":1,"1194":1,"1196":1,"1197":0,"1200":1,"1201":0,"1204":1,"1205":0,"1206":0,"1207":0,"1208":0,"1209":0,"1210":0,"1211":0,"1212":0,"1214":0,"1215":0,"1217":0,"1220":0,"1223":1,"1224":1,"1228":1,"1229":1,"1230":1,"1232":1,"1235":1,"1238":1,"1239":0,"1242":1,"1243":0,"1248":1,"1249":1,"1250":1,"1252":1,"1253":1,"1254":0,"1258":1,"1259":0,"1264":1,"1265":1,"1266":1,"1268":1,"1269":0,"1270":0,"1274":1,"1275":0,"1278":1,"1279":0,"1282":1,"1283":0,"1288":1,"1289":1,"1290":1,"1292":1,"1293":14,"1294":0,"1298":1,"1299":0,"1300":0,"1305":1,"1306":1,"1307":1,"1309":1,"1310":0,"1311":0,"1315":1,"1316":0,"1319":1,"1320":0,"1323":1,"1324":0,"1325":0,"1326":0,"1328":0,"1333":1,"1334":1,"1335":1,"1337":1,"1338":0,"1339":0,"1343":1,"1344":0,"1347":1,"1348":0,"1351":1,"1352":0,"1353":0,"1354":0,"1356":0,"1361":1,"1362":1,"1363":1,"1365":1,"1366":0,"1367":0,"1371":1,"1372":0,"1375":1,"1376":0,"1379":1,"1380":0,"1385":1,"1386":1,"1387":1,"1389":1,"1390":0,"1391":0,"1395":1,"1396":0,"1399":1,"1400":0,"1403":1,"1404":0,"1409":1,"1410":1,"1411":1,"1413":1,"1414":0,"1415":0,"1419":1,"1420":0,"1423":1,"1424":0,"1427":1,"1428":0,"1433":1,"1434":1,"1435":1,"1437":1,"1438":0,"1439":0,"1443":1,"1444":0,"1447":1,"1448":0,"1451":1,"1452":0,"1457":1,"1458":1,"1459":1,"1461":1,"1462":0,"1463":0,"1467":1,"1468":0,"1471":1,"1472":0,"1475":1,"1476":0,"1481":1,"1482":1,"1483":1,"1485":1,"1486":0,"1487":0,"1491":1,"1492":0,"1495":1,"1496":0,"1499":1,"1500":0,"1505":1,"1506":1,"1507":1,"1509":1,"1510":0,"1511":0,"1515":1,"1516":0,"1519":1,"1520":0,"1523":1,"1524":0,"1529":1,"1530":1,"1531":1,"1533":1,"1534":0,"1535":0,"1539":1,"1540":0,"1543":1,"1544":0,"1547":1,"1548":0,"1553":1,"1554":1,"1555":1,"1557":1,"1558":0,"1559":0,"1563":1,"1564":0,"1567":1,"1568":0,"1571":1,"1572":0,"1577":1,"1578":1,"1579":1,"1581":1,"1582":0,"1583":0,"1587":1,"1588":0,"1591":1,"1592":0,"1595":1,"1596":0,"1601":1,"1602":1,"1603":1,"1605":1,"1606":0,"1607":0,"1611":1,"1612":0,"1615":1,"1616":0,"1619":1,"1620":0,"1625":1,"1626":1,"1627":1,"1629":1,"1630":0,"1631":0,"1635":1,"1636":0,"1639":1,"1640":0,"1643":1,"1644":0,"1649":1,"1650":1,"1651":1,"1653":1,"1654":0,"1655":0,"1659":1,"1660":0,"1661":0,"1662":0,"1663":0,"1669":1,"1670":0,"1671":0,"1674":0,"1678":1,"1679":0,"1680":0,"1681":0,"1682":0,"1683":0,"1684":0,"1685":0,"1686":0,"1687":0,"1688":0,"1690":0,"1691":0,"1692":0,"1693":0,"1695":0,"1697":0,"1698":0,"1700":0,"1701":0,"1702":0,"1703":0,"1704":0,"1705":0,"1706":0,"1707":0,"1710":0,"1714":0,"1715":0,"1716":0,"1717":0,"1718":0,"1720":0,"1722":0,"1723":0,"1724":0,"1726":0,"1728":0,"1732":0,"1735":0,"1736":0,"1737":0,"1738":0,"1739":0,"1740":0,"1743":0,"1744":0,"1746":0,"1747":0,"1748":0,"1750":0,"1752":0,"1753":0,"1754":0,"1756":0,"1757":0,"1759":0,"1761":0,"1765":0,"1766":0,"1767":0,"1769":0,"1770":0,"1773":0,"1777":0,"1778":0,"1779":0,"1780":0,"1781":0,"1782":0,"1786":0,"1790":0,"1791":0,"1792":0,"1795":0,"1799":0,"1800":0,"1801":0,"1802":0,"1803":0,"1805":0,"1806":0,"1807":0,"1809":0,"1813":0,"1817":0,"1818":0,"1821":0,"1822":0,"1823":0,"1824":0,"1825":0,"1827":0,"1828":0,"1829":0,"1831":0,"1835":0,"1838":0,"1839":0,"1841":0,"1842":0,"1843":0,"1845":0,"1847":0,"1848":0,"1850":0,"1851":0,"1852":0,"1853":0,"1855":0,"1856":0,"1857":0,"1859":0,"1863":0,"1866":0,"1867":0,"1869":0,"1870":0,"1871":0,"1874":0,"1877":0,"1878":0,"1879":0,"1880":0,"1881":0,"1882":0,"1883":0,"1884":0,"1885":0,"1886":0,"1887":0,"1889":0,"1890":0,"1891":0,"1892":0,"1897":0,"1898":0,"1899":0,"1900":0,"1904":0,"1907":0,"1908":0,"1909":0,"1910":0,"1912":0,"1915":0,"1916":0,"1918":0,"1921":0,"1922":0,"1923":0,"1926":0,"1928":0,"1929":0,"1930":0,"1931":0,"1933":0,"1934":0,"1936":0,"1937":0,"1938":0,"1940":0,"1944":0,"1947":0,"1948":0,"1950":0,"1951":0,"1952":0,"1955":0,"1958":0,"1959":0,"1961":0,"1966":0,"1968":0,"1969":0,"1970":0,"1971":0,"1972":0,"1973":0,"1974":0,"1975":0,"1979":0,"1983":0,"1984":0,"1985":0,"1988":1,"1989":0,"1990":0,"1991":0,"1993":0,"1996":1,"1997":0,"1998":0,"1999":0,"2000":0,"2002":0,"2003":0,"2004":0,"2007":0,"2008":0,"2009":0,"2011":0,"2013":0,"2015":0,"2018":1,"2020":0,"2021":0,"2024":0,"2025":0,"2026":0,"2031":0,"2034":0,"2035":0,"2036":0,"2037":0,"2038":0,"2039":0,"2040":0,"2041":0,"2045":0,"2050":1,"2051":1,"2052":1,"2054":1,"2055":0,"2056":0,"2060":1,"2061":0,"2062":0,"2065":1,"2066":0,"2067":0,"2068":0,"2070":0,"2072":0,"2073":0,"2074":0,"2076":0,"2078":0,"2083":1,"2084":1,"2085":1,"2087":1,"2088":0,"2089":0,"2093":1,"2094":0,"2095":0,"2096":0,"2099":1,"2100":0,"2101":0,"2103":0,"2104":0,"2106":0,"2107":0,"2109":0,"2110":0,"2112":0,"2113":0,"2115":0,"2116":0,"2118":0,"2119":0,"2121":0,"2122":0,"2124":0,"2125":0,"2127":0,"2128":0,"2130":0,"2131":0,"2133":0,"2134":0,"2136":0,"2137":0,"2139":0,"2140":0,"2142":0,"2143":0,"2144":0,"2145":0,"2147":0,"2150":1,"2151":1,"2152":1,"2153":1,"2154":1,"2155":1,"2156":1,"2157":1,"2158":1,"2159":1,"2160":1,"2161":1,"2162":1,"2166":1,"2167":1,"2168":1,"2170":1,"2171":0,"2172":0,"2176":1,"2177":0,"2178":0,"2181":1,"2182":0,"2184":0,"2186":0,"2188":0,"2190":0,"2192":0,"2194":0,"2196":0,"2198":0,"2199":0,"2201":0,"2203":0,"2205":0,"2208":1,"2209":0,"2211":0,"2213":0,"2216":0,"2218":0,"2220":0,"2221":0,"2222":0,"2223":0,"2225":0,"2227":0,"2229":0,"2232":0,"2233":0,"2234":0,"2237":0,"2238":0,"2240":0,"2246":0,"2247":0,"2250":0,"2252":0,"2254":0,"2256":0,"2258":0,"2261":0,"2269":0,"2272":1,"2273":1,"2274":1,"2275":1,"2276":1,"2277":1,"2278":1,"2282":1,"2283":1,"2284":1,"2286":1,"2287":0,"2288":0,"2292":1,"2293":0,"2296":1,"2297":0,"2300":1,"2301":0,"2303":0,"2304":0,"2306":0,"2307":0,"2308":0,"2310":0,"2315":1,"2316":1,"2317":1,"2319":1,"2320":0,"2321":0,"2325":1,"2326":0,"2327":0,"2330":1,"2331":0,"2332":0,"2333":0,"2334":0,"2336":0,"2338":0,"2341":1,"2342":0,"2344":0,"2345":0,"2348":0,"2349":0,"2354":1,"2355":1,"2356":1,"2358":1,"2359":0,"2360":0,"2364":1,"2365":0,"2368":1,"2369":0,"2372":1,"2373":0,"2376":1,"2377":0,"2380":1,"2381":0,"2384":1,"2385":0,"2388":1,"2389":0,"2392":1,"2393":0,"2396":1,"2397":0,"2400":1,"2401":0,"2404":1,"2405":0,"2406":0,"2408":0,"2409":0,"2411":0,"2412":0,"2414":0,"2417":1,"2418":0,"2419":0,"2421":0,"2422":0,"2424":0,"2425":0,"2427":0,"2430":1,"2431":0,"2432":0,"2434":0,"2437":1,"2438":0,"2439":0,"2441":0,"2444":1,"2445":0,"2446":0,"2448":0,"2451":1,"2452":0,"2453":0,"2455":0,"2460":1,"2461":1,"2462":1,"2464":1,"2465":0,"2466":0,"2470":1,"2471":0,"2474":1,"2476":1,"2478":0,"2481":1,"2482":0,"2483":0,"2484":0,"2486":0,"2487":0,"2490":0,"2493":1,"2494":0,"2495":0,"2496":0,"2497":0,"2499":0,"2500":0,"2503":0,"2506":1,"2507":0,"2509":0,"2510":0,"2513":0,"2514":0,"2517":0,"2520":1,"2521":0,"2524":1,"2527":0,"2530":1,"2531":0,"2534":1,"2535":0,"2538":1,"2539":0,"2542":1,"2543":0,"2546":1,"2547":0,"2550":1,"2551":0,"2554":1,"2555":0,"2558":1,"2559":0,"2560":0,"2562":0,"2563":0,"2565":0,"2566":0,"2568":0,"2571":1,"2572":0,"2573":0,"2575":0,"2576":0,"2578":0,"2579":0,"2581":0,"2584":1,"2585":0,"2586":0,"2588":0,"2589":0,"2591":0,"2594":1,"2595":0,"2596":0,"2598":0,"2599":0,"2601":0,"2604":1,"2605":0,"2606":0,"2608":0,"2609":0,"2611":0,"2614":1,"2615":0,"2616":0,"2618":0,"2619":0,"2621":0,"2624":1,"2625":0,"2628":1,"2629":0,"2632":1,"2633":0,"2636":1,"2637":0,"2640":1,"2641":0,"2646":1,"2647":1,"2648":1,"2650":1,"2651":0,"2652":0,"2656":1,"2657":0,"2660":1,"2661":0,"2664":1,"2665":0,"2668":1,"2669":0,"2672":1,"2673":0,"2676":1,"2677":0,"2680":1,"2681":0,"2684":1,"2685":0,"2688":1,"2689":0,"2692":1,"2693":0,"2696":1,"2697":0,"2700":1,"2701":0,"2702":0,"2704":0,"2705":0,"2707":0,"2710":1,"2711":0,"2712":0,"2714":0,"2715":0,"2717":0,"2720":1,"2721":0,"2722":0,"2724":0,"2727":1,"2728":0,"2729":0,"2731":0,"2734":1,"2735":0,"2736":0,"2738":0,"2741":1,"2742":0,"2743":0,"2745":0,"2750":1,"2751":1,"2752":1,"2754":1,"2755":0,"2758":1,"2759":0,"2760":0,"2761":0,"2762":0,"2765":1,"2766":0,"2767":0,"2769":0,"2771":0,"2772":0,"2774":0,"2776":0,"2779":0,"2780":0,"2782":0,"2783":0,"2785":0,"2787":0,"2790":0,"2794":1,"2796":0,"2797":0,"2798":0,"2799":0,"2800":0,"2801":0,"2802":0,"2803":0,"2804":0,"2805":0,"2808":1,"2810":0,"2811":0,"2812":0,"2813":0,"2814":0,"2815":0,"2816":0,"2817":0,"2818":0,"2819":0,"2822":1,"2823":0,"2826":1,"2827":0,"2828":0,"2829":0,"2831":0,"2832":0,"2836":1,"2837":0,"2838":0,"2841":0,"2842":0,"2844":0,"2846":0,"2848":0,"2850":0,"2852":0,"2854":0,"2857":0,"2860":0,"2862":0,"2863":0,"2865":0,"2866":0,"2870":0,"2871":0,"2872":0,"2873":0,"2875":0,"2876":0,"2878":0,"2879":0,"2880":0,"2881":0,"2883":0,"2884":0,"2888":0,"2892":0,"2893":0,"2894":0,"2895":0,"2896":0,"2899":0,"2900":0,"2902":0,"2903":0,"2905":0,"2906":0,"2909":0,"2910":0,"2912":0,"2913":0,"2914":0,"2915":0,"2917":0,"2918":0,"2923":0,"2926":1,"2927":0,"2928":0,"2931":0,"2933":0,"2934":0,"2935":0,"2936":0,"2937":0,"2939":0,"2940":0,"2941":0,"2944":0,"2945":0,"2946":0,"2947":0,"2949":0,"2950":0,"2951":0,"2956":0,"2957":0,"2959":0,"2964":1,"2965":1,"2966":1,"2968":1,"2969":0,"2972":1,"2973":0,"2974":0,"2975":0,"2978":1,"2979":0,"2980":0,"2981":0,"2983":0,"2986":1,"2987":0,"2990":1,"2991":0,"2994":1,"2995":0,"2998":1,"2999":0,"3002":1,"3003":0,"3006":1,"3007":0,"3010":1,"3011":0,"3014":1,"3015":0,"3018":1,"3019":0,"3022":0,"3024":0,"3025":0,"3027":0,"3028":0,"3030":0,"3033":1,"3034":0,"3035":0,"3036":0,"3038":0,"3039":0,"3042":0,"3045":1,"3046":0,"3047":0,"3048":0,"3049":0,"3053":0,"3056":1,"3057":0,"3058":0,"3059":0,"3061":0,"3062":0,"3064":0,"3067":1,"3068":0,"3069":0,"3070":0,"3074":0,"3075":0,"3076":0,"3079":1,"3080":0,"3081":0,"3088":1,"3089":0,"3090":0,"3091":0,"3094":1,"3095":0,"3096":0,"3097":0,"3098":0,"3105":1,"3106":0,"3109":1,"3110":0,"3111":0,"3112":0,"3113":0,"3114":0,"3115":0,"3116":0,"3119":0,"3122":1,"3123":0,"3124":0,"3125":0,"3126":0,"3127":0,"3128":0,"3129":0,"3132":0,"3135":1,"3136":0,"3139":1,"3140":0,"3141":0,"3143":0,"3144":0,"3146":0,"3147":0,"3148":0,"3152":0,"3155":1,"3156":0,"3157":0,"3159":0,"3160":0,"3162":0,"3163":0,"3165":0,"3168":1,"3169":0,"3170":0,"3172":0,"3173":0,"3175":0,"3176":0,"3178":0,"3181":1,"3182":0,"3183":0,"3185":0,"3186":0,"3188":0,"3189":0,"3191":0,"3194":1,"3195":0,"3196":0,"3198":0,"3199":0,"3201":0,"3202":0,"3204":0,"3207":1,"3208":0,"3209":0,"3211":0,"3212":0,"3214":0,"3215":0,"3217":0,"3220":1,"3221":0,"3222":0,"3224":0,"3225":0,"3227":0,"3228":0,"3230":0,"3233":1,"3234":0,"3235":0,"3236":0,"3237":0,"3242":1,"3243":1,"3244":1,"3246":1,"3247":0,"3248":0,"3249":0,"3250":0,"3251":0,"3252":0,"3253":0,"3254":0,"3255":0,"3258":1,"3259":0,"3264":1,"3266":1,"3267":0,"3270":1,"3271":0,"3274":1,"3275":0,"3278":1,"3279":0,"3282":1,"3283":0,"3286":1,"3287":0,"3292":1,"3293":1,"3294":1,"3296":1,"3297":0,"3298":0,"3299":0,"3304":1,"3305":1,"3306":1,"3308":1,"3311":1,"3312":0,"3317":1,"3318":1,"3319":1,"3321":1,"3322":1,"3323":1,"3324":1,"3327":1,"3328":1,"3329":1,"3330":1,"3331":1,"3332":1,"3333":1,"3334":1,"3335":1,"3336":1,"3337":1,"3338":1,"3339":1,"3340":1,"3341":1,"3342":1,"3343":1,"3344":1,"3345":1,"3346":1,"3347":1,"3348":1,"3349":1,"3350":1,"3351":1,"3352":1,"3353":1,"3354":1,"3357":1,"3358":0,"3361":1,"3362":0,"3364":0,"3365":0,"3368":0,"3371":1,"3372":0,"3377":1,"3378":1,"3379":1,"3381":1,"3384":1,"3385":0,"3386":0,"3387":0,"3388":0,"3390":0,"3391":0,"3392":0,"3393":0,"3394":0,"3395":0,"3397":0,"3398":0,"3399":0,"3400":0,"3401":0,"3402":0,"3404":0,"3407":0,"3409":0,"3414":1,"3416":1,"3417":0,"3418":0,"3419":0,"3421":0,"3424":1,"3425":0,"3426":0,"3427":0,"3429":0,"3432":1,"3433":0,"3434":0,"3435":0,"3436":0,"3438":0,"3441":1,"3442":0,"3443":0,"3444":0,"3445":0,"3447":0,"3448":0,"3449":0,"3451":0,"3453":0,"3454":0,"3455":0,"3456":0,"3459":0,"3460":0,"3461":0,"3462":0,"3464":0,"3466":0,"3467":0,"3468":0,"3471":0,"3474":1,"3475":0,"3476":0,"3477":0,"3478":0,"3479":0,"3480":0,"3482":0,"3484":0,"3485":0,"3488":0,"3495":1,"3496":0,"3497":0,"3498":0,"3499":0,"3500":0,"3501":0,"3503":0,"3505":0,"3506":0,"3508":0,"3511":1,"3512":0,"3513":0,"3514":0,"3515":0,"3516":0,"3517":0,"3519":0,"3521":0,"3522":0,"3524":0,"3525":0,"3526":0,"3527":0,"3528":0,"3529":0,"3530":0,"3531":0,"3533":0,"3537":1,"3538":0,"3539":0,"3540":0,"3541":0,"3542":0,"3544":0,"3547":1,"3548":0,"3549":0,"3550":0,"3552":0,"3553":0,"3554":0,"3556":0,"3559":1,"3560":0,"3561":0,"3562":0,"3564":0,"3565":0,"3566":0,"3569":1,"3570":0,"3571":0,"3572":0,"3574":0,"3575":0,"3576":0,"3579":1,"3580":0,"3581":0,"3582":0,"3584":0,"3585":0,"3586":0,"3589":1,"3590":0,"3591":0,"3592":0,"3594":0,"3595":0,"3596":0,"3597":0,"3599":0,"3600":0,"3601":0,"3603":0,"3606":1,"3607":0,"3608":0,"3609":0,"3611":0,"3612":0,"3613":0,"3614":0,"3617":1,"3618":0,"3619":0,"3620":0,"3621":0,"3622":0,"3623":0,"3625":0,"3627":0,"3630":1,"3631":0,"3632":0,"3633":0,"3634":0,"3635":0,"3636":0,"3638":0,"3640":0,"3641":0,"3642":0,"3643":0,"3645":0,"3646":0,"3647":0,"3649":0,"3650":0,"3651":0,"3652":0,"3653":0,"3656":0,"3657":0,"3660":0,"3663":1,"3664":0,"3665":0,"3666":0,"3668":0,"3669":0,"3670":0,"3671":0,"3672":0,"3673":0,"3674":0,"3675":0,"3676":0,"3679":0,"3680":0,"3681":0,"3682":0,"3683":0,"3684":0,"3686":0,"3689":0,"3692":1,"3693":0,"3694":0,"3695":0,"3697":0,"3700":1,"3701":0,"3702":0,"3703":0,"3705":0,"3708":1,"3709":0,"3710":0,"3712":0,"3715":1,"3716":0,"3717":0,"3719":0,"3722":1,"3723":0,"3724":0,"3725":0,"3727":0,"3728":0,"3729":0,"3730":0,"3731":0,"3732":0,"3735":0,"3736":0,"3738":0,"3739":0,"3743":1,"3744":0,"3745":0,"3746":0,"3748":0,"3749":0,"3751":0,"3754":1,"3755":0,"3756":0,"3757":0,"3758":0,"3760":0,"3761":0,"3762":0,"3763":0,"3765":0,"3768":1,"3769":0,"3770":0,"3771":0,"3773":0,"3776":1,"3777":0,"3778":0,"3779":0,"3781":0,"3784":1,"3785":0,"3786":0,"3787":0,"3789":0,"3794":1,"3796":1,"3797":0,"3800":1,"3801":0,"3802":0,"3803":0,"3805":0,"3808":1,"3809":0,"3810":0,"3811":0,"3813":0,"3814":0,"3815":0,"3816":0,"3819":0,"3822":0,"3825":1,"3826":0,"3829":1,"3830":0,"4037":1,"4038":0,"4165":1,"4166":0,"4167":0,"4168":0,"4169":0,"4170":0,"4171":0,"4172":0,"4173":0,"4174":0,"4175":0,"4177":0,"4178":0,"4179":0,"4180":0,"4181":0,"4183":0,"4184":0,"4185":0,"4188":0,"4190":0,"4191":0,"4193":0,"4194":0,"4199":1,"4200":0,"4201":0,"4202":0,"4204":0,"4205":0,"4207":0,"4209":0,"4212":1,"4215":0,"4216":0,"4218":0,"4221":0,"4222":0,"4223":0,"4224":0,"4227":0,"4232":1,"4233":1,"4234":0,"4235":0,"4237":0,"4239":0,"4241":0,"4244":1,"4245":0,"4247":0,"4248":0,"4250":0,"4253":1,"4254":1,"4255":1,"4257":1,"4258":0,"4261":1,"4262":0,"4265":1,"4266":1,"4268":1,"4273":1,"4274":1,"4275":1,"4277":1,"4278":0,"4279":0,"4280":0,"4283":1,"4284":0,"4285":0,"4286":0,"4291":1,"4292":1,"4293":1,"4295":1,"4296":0,"4299":1,"4300":0,"4301":0,"4303":0,"4308":1,"4309":1,"4310":1,"4312":1,"4313":0,"4314":0,"4317":1,"4318":0,"4323":1,"4324":1,"4325":1,"4327":1,"4328":0,"4329":0,"4330":0,"4331":0,"4332":0,"4333":0,"4334":0,"4335":0,"4336":0,"4339":0,"4340":0,"4342":0,"4343":0,"4345":0,"4346":0,"4348":0,"4349":0,"4352":0,"4353":0,"4354":0,"4356":0,"4359":0,"4360":0,"4361":0,"4362":0,"4363":0,"4365":0,"4368":0,"4369":0,"4370":0,"4371":0,"4373":0,"4375":0,"4378":1,"4379":0,"4381":0,"4383":0,"4386":1,"4387":0,"4389":0,"4391":0,"4394":1,"4395":1,"4396":1,"4397":1,"4398":1,"4399":1,"4400":1,"4401":1,"4402":1,"4403":1,"4407":1,"4408":1,"4409":0,"4410":0,"4412":0,"4415":1,"4416":0,"4418":1,"4419":0,"4420":0,"4422":0,"4429":1,"4430":1,"4431":1,"4432":1,"4435":0,"4439":1,"4440":1,"4448":1,"4450":1,"4451":1,"4453":1,"4454":1,"4455":1,"4457":1,"4458":0,"4460":0,"4462":0,"4467":1,"4468":0,"4471":1,"4472":0,"4473":0,"4477":1,"4478":0,"4479":0,"4482":0,"4483":0,"4487":0,"4488":0,"4491":0,"4495":1,"4496":0,"4502":0,"4505":0,"4506":0,"4507":0,"4508":0,"4512":0,"4513":0,"4514":0,"4517":1,"4518":0,"4519":0,"4520":0,"4522":0,"4523":0,"4527":1,"4528":0,"4530":0,"4531":0,"4532":0,"4534":0,"4539":1,"4540":0,"4543":1,"4544":0,"4545":0,"4549":1,"4550":0,"4551":0,"4554":0,"4555":0,"4559":0,"4560":0,"4563":0,"4566":1,"4567":0,"4569":0,"4570":0,"4575":1,"4576":0,"4577":0,"4578":0,"4581":0,"4582":0,"4586":0,"4587":0,"4588":0,"4593":0,"4596":1,"4597":0,"4599":0,"4600":0,"4601":0,"4602":0,"4603":0,"4605":0,"4608":0,"4611":1,"4612":0,"4614":0,"4617":1,"4619":0,"4623":0,"4627":0,"4631":0,"4635":0,"4639":0,"4643":0,"4647":1,"4648":0,"4650":0,"4657":1,"4660":1,"4661":1,"4662":1,"4664":1,"4665":1,"4666":1,"4668":1,"4669":1,"4670":1,"4672":1,"4674":1,"4675":1,"4676":1,"4677":1,"4678":1,"4681":1,"4682":0,"4685":1,"4686":0,"4689":0,"4693":0,"4694":0,"4698":1,"4699":0,"4700":0,"4702":0,"4704":0,"4705":0,"4707":0,"4708":0,"4710":0,"4711":0,"4714":0,"4715":0,"4716":0,"4720":0,"4723":1,"4724":0}}}